<?xml version="1.0" encoding="UTF-8"?>
<testng-results skipped="0" failed="0" ignored="12" total="17" passed="5">
  <reporter-output>
  </reporter-output>
  <suite name="TC_001" duration-ms="6717" started-at="2019-07-10T21:49:45Z" finished-at="2019-07-10T21:49:52Z">
    <groups>
    </groups>
    <test name="TC_01_Example" duration-ms="6717" started-at="2019-07-10T21:49:45Z" finished-at="2019-07-10T21:49:52Z">
      <class name="com.test.TC_04_AmelcoAPI.ID_04_PlaceBet">
        <test-method status="PASS" signature="startTest()[pri:0, instance:com.test.TC_04_AmelcoAPI.ID_04_PlaceBet@4e91d63f]" name="startTest" is-config="true" duration-ms="0" started-at="2019-07-10T21:49:50Z" finished-at="2019-07-10T21:49:50Z">
          <reporter-output>
          </reporter-output>
        </test-method> <!-- startTest -->
        <test-method status="PASS" signature="placeBet(java.lang.reflect.Method)[pri:0, instance:com.test.TC_04_AmelcoAPI.ID_04_PlaceBet@4e91d63f]" name="placeBet" duration-ms="683" started-at="2019-07-10T21:49:50Z" finished-at="2019-07-10T21:49:51Z">
          <params>
            <param index="0">
              <value>
                <![CDATA[public void com.test.TC_04_AmelcoAPI.ID_04_PlaceBet.placeBet(java.lang.reflect.Method) throws java.lang.Exception]]>
              </value>
            </param>
          </params>
          <reporter-output>
          </reporter-output>
        </test-method> <!-- placeBet -->
        <test-method status="PASS" signature="report(org.testng.ITestResult)[pri:0, instance:com.test.TC_04_AmelcoAPI.ID_04_PlaceBet@4e91d63f]" name="report" is-config="true" duration-ms="2" started-at="2019-07-10T21:49:51Z" finished-at="2019-07-10T21:49:51Z">
          <params>
            <param index="0">
              <value>
                <![CDATA[[TestResult name=placeBet status=SUCCESS method=ID_04_PlaceBet.placeBet(java.lang.reflect.Method)[pri:0, instance:com.test.TC_04_AmelcoAPI.ID_04_PlaceBet@4e91d63f] output={null}]]]>
              </value>
            </param>
          </params>
          <reporter-output>
          </reporter-output>
        </test-method> <!-- report -->
      </class> <!-- com.test.TC_04_AmelcoAPI.ID_04_PlaceBet -->
      <class name="com.test.TC_05_SumoAPI.ID_01_PromotionsPage">
        <test-method status="PASS" signature="startTest()[pri:0, instance:com.test.TC_05_SumoAPI.ID_01_PromotionsPage@d4342c2]" name="startTest" is-config="true" duration-ms="1" started-at="2019-07-10T21:49:51Z" finished-at="2019-07-10T21:49:51Z">
          <reporter-output>
          </reporter-output>
        </test-method> <!-- startTest -->
        <test-method status="PASS" signature="getPromotionConfigurations(java.lang.reflect.Method)[pri:0, instance:com.test.TC_05_SumoAPI.ID_01_PromotionsPage@d4342c2]" name="getPromotionConfigurations" duration-ms="814" started-at="2019-07-10T21:49:51Z" finished-at="2019-07-10T21:49:52Z">
          <params>
            <param index="0">
              <value>
                <![CDATA[public void com.test.TC_05_SumoAPI.ID_01_PromotionsPage.getPromotionConfigurations(java.lang.reflect.Method) throws java.lang.Exception]]>
              </value>
            </param>
          </params>
          <reporter-output>
          </reporter-output>
        </test-method> <!-- getPromotionConfigurations -->
        <test-method status="PASS" signature="report(org.testng.ITestResult)[pri:0, instance:com.test.TC_05_SumoAPI.ID_01_PromotionsPage@d4342c2]" name="report" is-config="true" duration-ms="1" started-at="2019-07-10T21:49:52Z" finished-at="2019-07-10T21:49:52Z">
          <params>
            <param index="0">
              <value>
                <![CDATA[[TestResult name=getPromotionConfigurations status=SUCCESS method=ID_01_PromotionsPage.getPromotionConfigurations(java.lang.reflect.Method)[pri:0, instance:com.test.TC_05_SumoAPI.ID_01_PromotionsPage@d4342c2] output={null}]]]>
              </value>
            </param>
          </params>
          <reporter-output>
          </reporter-output>
        </test-method> <!-- report -->
      </class> <!-- com.test.TC_05_SumoAPI.ID_01_PromotionsPage -->
      <class name="com.test.TC_04_AmelcoAPI.ID_03_GetOpenBets">
        <test-method status="PASS" signature="startTest()[pri:0, instance:com.test.TC_04_AmelcoAPI.ID_03_GetOpenBets@1a04f701]" name="startTest" is-config="true" duration-ms="1" started-at="2019-07-10T21:49:48Z" finished-at="2019-07-10T21:49:48Z">
          <reporter-output>
          </reporter-output>
        </test-method> <!-- startTest -->
        <test-method status="PASS" signature="getOpenBets(java.lang.reflect.Method)[pri:0, instance:com.test.TC_04_AmelcoAPI.ID_03_GetOpenBets@1a04f701]" name="getOpenBets" duration-ms="1933" started-at="2019-07-10T21:49:48Z" finished-at="2019-07-10T21:49:50Z">
          <params>
            <param index="0">
              <value>
                <![CDATA[public void com.test.TC_04_AmelcoAPI.ID_03_GetOpenBets.getOpenBets(java.lang.reflect.Method) throws java.lang.Exception]]>
              </value>
            </param>
          </params>
          <reporter-output>
          </reporter-output>
        </test-method> <!-- getOpenBets -->
        <test-method status="PASS" signature="report(org.testng.ITestResult)[pri:0, instance:com.test.TC_04_AmelcoAPI.ID_03_GetOpenBets@1a04f701]" name="report" is-config="true" duration-ms="85" started-at="2019-07-10T21:49:50Z" finished-at="2019-07-10T21:49:50Z">
          <params>
            <param index="0">
              <value>
                <![CDATA[[TestResult name=getOpenBets status=SUCCESS method=ID_03_GetOpenBets.getOpenBets(java.lang.reflect.Method)[pri:0, instance:com.test.TC_04_AmelcoAPI.ID_03_GetOpenBets@1a04f701] output={null}]]]>
              </value>
            </param>
          </params>
          <reporter-output>
          </reporter-output>
        </test-method> <!-- report -->
      </class> <!-- com.test.TC_04_AmelcoAPI.ID_03_GetOpenBets -->
      <class name="com.test.TC_04_AmelcoAPI.ID_02_ExternalLogin">
        <test-method status="PASS" signature="startTest()[pri:0, instance:com.test.TC_04_AmelcoAPI.ID_02_ExternalLogin@2f112965]" name="startTest" is-config="true" duration-ms="1" started-at="2019-07-10T21:49:47Z" finished-at="2019-07-10T21:49:47Z">
          <reporter-output>
          </reporter-output>
        </test-method> <!-- startTest -->
        <test-method status="PASS" signature="externalLogin(java.lang.reflect.Method)[pri:0, instance:com.test.TC_04_AmelcoAPI.ID_02_ExternalLogin@2f112965]" name="externalLogin" duration-ms="1105" started-at="2019-07-10T21:49:47Z" finished-at="2019-07-10T21:49:48Z">
          <params>
            <param index="0">
              <value>
                <![CDATA[public void com.test.TC_04_AmelcoAPI.ID_02_ExternalLogin.externalLogin(java.lang.reflect.Method) throws java.lang.Exception]]>
              </value>
            </param>
          </params>
          <reporter-output>
          </reporter-output>
        </test-method> <!-- externalLogin -->
        <test-method status="PASS" signature="report(org.testng.ITestResult)[pri:0, instance:com.test.TC_04_AmelcoAPI.ID_02_ExternalLogin@2f112965]" name="report" is-config="true" duration-ms="2" started-at="2019-07-10T21:49:48Z" finished-at="2019-07-10T21:49:48Z">
          <params>
            <param index="0">
              <value>
                <![CDATA[[TestResult name=externalLogin status=SUCCESS method=ID_02_ExternalLogin.externalLogin(java.lang.reflect.Method)[pri:0, instance:com.test.TC_04_AmelcoAPI.ID_02_ExternalLogin@2f112965] output={null}]]]>
              </value>
            </param>
          </params>
          <reporter-output>
          </reporter-output>
        </test-method> <!-- report -->
      </class> <!-- com.test.TC_04_AmelcoAPI.ID_02_ExternalLogin -->
      <class name="com.test.TC_04_AmelcoAPI.ID_01_LogIn">
        <test-method status="PASS" signature="setup(java.lang.String)[pri:0, instance:com.test.TC_04_AmelcoAPI.ID_01_LogIn@43301423]" name="setup" is-config="true" duration-ms="1598" started-at="2019-07-10T21:49:43Z" finished-at="2019-07-10T21:49:45Z">
          <params>
            <param index="0">
              <value>
                <![CDATA[safari]]>
              </value>
            </param>
          </params>
          <reporter-output>
          </reporter-output>
        </test-method> <!-- setup -->
        <test-method status="PASS" signature="startTest()[pri:0, instance:com.test.TC_04_AmelcoAPI.ID_01_LogIn@43301423]" name="startTest" is-config="true" duration-ms="110" started-at="2019-07-10T21:49:45Z" finished-at="2019-07-10T21:49:45Z">
          <reporter-output>
          </reporter-output>
        </test-method> <!-- startTest -->
        <test-method status="PASS" signature="loginRam(java.lang.reflect.Method)[pri:0, instance:com.test.TC_04_AmelcoAPI.ID_01_LogIn@43301423]" name="loginRam" duration-ms="1939" started-at="2019-07-10T21:49:45Z" finished-at="2019-07-10T21:49:47Z">
          <params>
            <param index="0">
              <value>
                <![CDATA[public void com.test.TC_04_AmelcoAPI.ID_01_LogIn.loginRam(java.lang.reflect.Method) throws java.lang.Exception]]>
              </value>
            </param>
          </params>
          <reporter-output>
          </reporter-output>
        </test-method> <!-- loginRam -->
        <test-method status="PASS" signature="report(org.testng.ITestResult)[pri:0, instance:com.test.TC_04_AmelcoAPI.ID_01_LogIn@43301423]" name="report" is-config="true" duration-ms="33" started-at="2019-07-10T21:49:47Z" finished-at="2019-07-10T21:49:47Z">
          <params>
            <param index="0">
              <value>
                <![CDATA[[TestResult name=loginRam status=SUCCESS method=ID_01_LogIn.loginRam(java.lang.reflect.Method)[pri:0, instance:com.test.TC_04_AmelcoAPI.ID_01_LogIn@43301423] output={null}]]]>
              </value>
            </param>
          </params>
          <reporter-output>
          </reporter-output>
        </test-method> <!-- report -->
        <test-method status="PASS" signature="clearXml()[pri:0, instance:com.test.TC_04_AmelcoAPI.ID_01_LogIn@43301423]" name="clearXml" is-config="true" duration-ms="1" started-at="2019-07-10T21:49:52Z" finished-at="2019-07-10T21:49:52Z">
          <reporter-output>
          </reporter-output>
        </test-method> <!-- clearXml -->
        <test-method status="PASS" signature="tearDown()[pri:0, instance:com.test.TC_04_AmelcoAPI.ID_01_LogIn@43301423]" name="tearDown" is-config="true" duration-ms="342" started-at="2019-07-10T21:49:52Z" depends-on-methods="com.setup.BasicSetup.clearXml" finished-at="2019-07-10T21:49:52Z">
          <reporter-output>
          </reporter-output>
        </test-method> <!-- tearDown -->
      </class> <!-- com.test.TC_04_AmelcoAPI.ID_01_LogIn -->
    </test> <!-- TC_01_Example -->
  </suite> <!-- TC_001 -->
</testng-results>
