<?xml version="1.0" encoding="UTF-8"?>
<testng-results ignored="12" total="16" passed="4" failed="0" skipped="0">
  <reporter-output>
  </reporter-output>
  <suite started-at="2019-08-11T14:40:24Z" name="TC_001" finished-at="2019-08-11T14:40:33Z" duration-ms="9495">
    <groups>
    </groups>
    <test started-at="2019-08-11T14:40:24Z" name="TC_01_Example" finished-at="2019-08-11T14:40:33Z" duration-ms="9495">
      <class name="com.test.uat.TC_01_Bet.ID_01_LogIn">
        <test-method is-config="true" signature="cleanTestData()[pri:0, instance:com.test.uat.TC_01_Bet.ID_01_LogIn@55493582]" started-at="2019-08-11T14:40:22Z" name="cleanTestData" finished-at="2019-08-11T14:40:22Z" duration-ms="7" status="PASS">
          <reporter-output>
          </reporter-output>
        </test-method> <!-- cleanTestData -->
        <test-method is-config="true" signature="setup(java.lang.String)[pri:0, instance:com.test.uat.TC_01_Bet.ID_01_LogIn@55493582]" started-at="2019-08-11T14:40:22Z" name="setup" finished-at="2019-08-11T14:40:24Z" duration-ms="1708" status="PASS">
          <params>
            <param index="0">
              <value>
                <![CDATA[chrome]]>
              </value>
            </param>
          </params>
          <reporter-output>
          </reporter-output>
        </test-method> <!-- setup -->
        <test-method is-config="true" signature="startTest()[pri:0, instance:com.test.uat.TC_01_Bet.ID_01_LogIn@55493582]" started-at="2019-08-11T14:40:24Z" name="startTest" finished-at="2019-08-11T14:40:24Z" duration-ms="132" status="PASS">
          <reporter-output>
          </reporter-output>
        </test-method> <!-- startTest -->
        <test-method signature="loginRam(java.lang.reflect.Method)[pri:0, instance:com.test.uat.TC_01_Bet.ID_01_LogIn@55493582]" started-at="2019-08-11T14:40:24Z" name="loginRam" finished-at="2019-08-11T14:40:26Z" duration-ms="1874" status="PASS">
          <params>
            <param index="0">
              <value>
                <![CDATA[public void com.test.uat.TC_01_Bet.ID_01_LogIn.loginRam(java.lang.reflect.Method) throws java.lang.Exception]]>
              </value>
            </param>
          </params>
          <reporter-output>
          </reporter-output>
        </test-method> <!-- loginRam -->
        <test-method is-config="true" signature="report(org.testng.ITestResult)[pri:0, instance:com.test.uat.TC_01_Bet.ID_01_LogIn@55493582]" started-at="2019-08-11T14:40:26Z" name="report" finished-at="2019-08-11T14:40:26Z" duration-ms="11" status="PASS">
          <params>
            <param index="0">
              <value>
                <![CDATA[[TestResult name=loginRam status=SUCCESS method=ID_01_LogIn.loginRam(java.lang.reflect.Method)[pri:0, instance:com.test.uat.TC_01_Bet.ID_01_LogIn@55493582] output={null}]]]>
              </value>
            </param>
          </params>
          <reporter-output>
          </reporter-output>
        </test-method> <!-- report -->
        <test-method is-config="true" signature="clearXml()[pri:0, instance:com.test.uat.TC_01_Bet.ID_01_LogIn@55493582]" started-at="2019-08-11T14:40:33Z" name="clearXml" finished-at="2019-08-11T14:40:33Z" duration-ms="1" status="PASS">
          <reporter-output>
          </reporter-output>
        </test-method> <!-- clearXml -->
        <test-method is-config="true" signature="tearDown()[pri:0, instance:com.test.uat.TC_01_Bet.ID_01_LogIn@55493582]" started-at="2019-08-11T14:40:33Z" name="tearDown" finished-at="2019-08-11T14:40:34Z" depends-on-methods="com.setup.BasicSetup.clearXml" duration-ms="480" status="PASS">
          <reporter-output>
          </reporter-output>
        </test-method> <!-- tearDown -->
      </class> <!-- com.test.uat.TC_01_Bet.ID_01_LogIn -->
      <class name="com.test.uat.TC_01_Bet.ID_04_GetFootballSportTree">
        <test-method signature="getSportsTree(java.lang.reflect.Method)[pri:0, instance:com.test.uat.TC_01_Bet.ID_04_GetFootballSportTree@336f1079]" started-at="2019-08-11T14:40:29Z" name="getSportsTree" finished-at="2019-08-11T14:40:33Z" duration-ms="4421" status="PASS">
          <params>
            <param index="0">
              <value>
                <![CDATA[public void com.test.uat.TC_01_Bet.ID_04_GetFootballSportTree.getSportsTree(java.lang.reflect.Method) throws java.lang.Exception]]>
              </value>
            </param>
          </params>
          <reporter-output>
          </reporter-output>
        </test-method> <!-- getSportsTree -->
        <test-method is-config="true" signature="startTest()[pri:0, instance:com.test.uat.TC_01_Bet.ID_04_GetFootballSportTree@336f1079]" started-at="2019-08-11T14:40:29Z" name="startTest" finished-at="2019-08-11T14:40:29Z" duration-ms="0" status="PASS">
          <reporter-output>
          </reporter-output>
        </test-method> <!-- startTest -->
        <test-method is-config="true" signature="report(org.testng.ITestResult)[pri:0, instance:com.test.uat.TC_01_Bet.ID_04_GetFootballSportTree@336f1079]" started-at="2019-08-11T14:40:33Z" name="report" finished-at="2019-08-11T14:40:33Z" duration-ms="134" status="PASS">
          <params>
            <param index="0">
              <value>
                <![CDATA[[TestResult name=getSportsTree status=SUCCESS method=ID_04_GetFootballSportTree.getSportsTree(java.lang.reflect.Method)[pri:0, instance:com.test.uat.TC_01_Bet.ID_04_GetFootballSportTree@336f1079] output={null}]]]>
              </value>
            </param>
          </params>
          <reporter-output>
          </reporter-output>
        </test-method> <!-- report -->
      </class> <!-- com.test.uat.TC_01_Bet.ID_04_GetFootballSportTree -->
      <class name="com.test.uat.TC_01_Bet.ID_02_ExternalLogin">
        <test-method is-config="true" signature="startTest()[pri:0, instance:com.test.uat.TC_01_Bet.ID_02_ExternalLogin@1a20270e]" started-at="2019-08-11T14:40:26Z" name="startTest" finished-at="2019-08-11T14:40:26Z" duration-ms="0" status="PASS">
          <reporter-output>
          </reporter-output>
        </test-method> <!-- startTest -->
        <test-method signature="externalLogin(java.lang.reflect.Method)[pri:0, instance:com.test.uat.TC_01_Bet.ID_02_ExternalLogin@1a20270e]" started-at="2019-08-11T14:40:26Z" name="externalLogin" finished-at="2019-08-11T14:40:27Z" duration-ms="1182" status="PASS">
          <params>
            <param index="0">
              <value>
                <![CDATA[public void com.test.uat.TC_01_Bet.ID_02_ExternalLogin.externalLogin(java.lang.reflect.Method) throws java.lang.Exception]]>
              </value>
            </param>
          </params>
          <reporter-output>
          </reporter-output>
        </test-method> <!-- externalLogin -->
        <test-method is-config="true" signature="report(org.testng.ITestResult)[pri:0, instance:com.test.uat.TC_01_Bet.ID_02_ExternalLogin@1a20270e]" started-at="2019-08-11T14:40:27Z" name="report" finished-at="2019-08-11T14:40:27Z" duration-ms="3" status="PASS">
          <params>
            <param index="0">
              <value>
                <![CDATA[[TestResult name=externalLogin status=SUCCESS method=ID_02_ExternalLogin.externalLogin(java.lang.reflect.Method)[pri:0, instance:com.test.uat.TC_01_Bet.ID_02_ExternalLogin@1a20270e] output={null}]]]>
              </value>
            </param>
          </params>
          <reporter-output>
          </reporter-output>
        </test-method> <!-- report -->
      </class> <!-- com.test.uat.TC_01_Bet.ID_02_ExternalLogin -->
      <class name="com.test.uat.TC_01_Bet.ID_03_GetOpenBets">
        <test-method is-config="true" signature="startTest()[pri:0, instance:com.test.uat.TC_01_Bet.ID_03_GetOpenBets@6b88ca8c]" started-at="2019-08-11T14:40:27Z" name="startTest" finished-at="2019-08-11T14:40:27Z" duration-ms="0" status="PASS">
          <reporter-output>
          </reporter-output>
        </test-method> <!-- startTest -->
        <test-method signature="getOpenBets(java.lang.reflect.Method)[pri:0, instance:com.test.uat.TC_01_Bet.ID_03_GetOpenBets@6b88ca8c]" started-at="2019-08-11T14:40:27Z" name="getOpenBets" finished-at="2019-08-11T14:40:29Z" duration-ms="1628" status="PASS">
          <params>
            <param index="0">
              <value>
                <![CDATA[public void com.test.uat.TC_01_Bet.ID_03_GetOpenBets.getOpenBets(java.lang.reflect.Method) throws java.lang.Exception]]>
              </value>
            </param>
          </params>
          <reporter-output>
          </reporter-output>
        </test-method> <!-- getOpenBets -->
        <test-method is-config="true" signature="report(org.testng.ITestResult)[pri:0, instance:com.test.uat.TC_01_Bet.ID_03_GetOpenBets@6b88ca8c]" started-at="2019-08-11T14:40:29Z" name="report" finished-at="2019-08-11T14:40:29Z" duration-ms="95" status="PASS">
          <params>
            <param index="0">
              <value>
                <![CDATA[[TestResult name=getOpenBets status=SUCCESS method=ID_03_GetOpenBets.getOpenBets(java.lang.reflect.Method)[pri:0, instance:com.test.uat.TC_01_Bet.ID_03_GetOpenBets@6b88ca8c] output={null}]]]>
              </value>
            </param>
          </params>
          <reporter-output>
          </reporter-output>
        </test-method> <!-- report -->
      </class> <!-- com.test.uat.TC_01_Bet.ID_03_GetOpenBets -->
    </test> <!-- TC_01_Example -->
  </suite> <!-- TC_001 -->
</testng-results>
