<?xml version="1.0" encoding="UTF-8"?>
<!-- Generated by org.testng.reporters.JUnitXMLReporter -->
<testsuite hostname="QAIT006" ignored="1" name="TC_01_Index" tests="7" failures="0" timestamp="25 Feb 2020 17:58:32 GMT" time="18.409" errors="0">
  <testcase name="web_user_login" time="14.568" classname="com.demo.tests.TestCase_01"/>
  <testcase name="api_user_login" time="0.435" classname="com.demo.tests.TestCase_01"/>
  <testcase name="api_get_client_info" time="0.211" classname="com.demo.tests.TestCase_01"/>
  <testcase name="api_search_stocks" time="0.264" classname="com.demo.tests.TestCase_01"/>
  <testcase name="api_place_order" time="1.312" classname="com.demo.tests.TestCase_01"/>
  <testcase name="api_order_confirmation" time="1.251" classname="com.demo.tests.TestCase_01"/>
  <testcase name="api_get_orders_history" time="0.327" classname="com.demo.tests.TestCase_01"/>
  <testcase name="api_get_product_details" time="0.0" classname="com.demo.tests.TestCase_01">
    <ignored/>
  </testcase> <!-- api_get_product_details -->
</testsuite> <!-- TC_01_Index -->
