<?xml version="1.0" encoding="UTF-8"?>
<!-- Generated by org.testng.reporters.JUnitXMLReporter -->
<testsuite hostname="QAIT006" ignored="1" name="TC_01" tests="6" failures="0" timestamp="27 Feb 2020 17:03:38 GMT" time="4.128" errors="0">
  <testcase name="loginUser" time="0.603" classname="com.demo.tests.TestCase_01"/>
  <testcase name="checkUserInfo" time="0.255" classname="com.demo.tests.TestCase_01"/>
  <testcase name="searchForProduct" time="0.297" classname="com.demo.tests.TestCase_01"/>
  <testcase name="putOrder" time="1.357" classname="com.demo.tests.TestCase_01"/>
  <testcase name="confirmOrder" time="1.272" classname="com.demo.tests.TestCase_01"/>
  <testcase name="checkTransactionActivities" time="0.317" classname="com.demo.tests.TestCase_01"/>
  <testcase name="web_test" time="0.0" classname="com.demo.tests.TestCase_01">
    <ignored/>
  </testcase> <!-- web_test -->
</testsuite> <!-- TC_01 -->
