<?xml version="1.0" encoding="UTF-8"?>
<!-- Generated by org.testng.reporters.JUnitXMLReporter -->
<testsuite ignored="6" hostname="StationOne-PC" failures="0" tests="1" name="TC_02" time="15.013" errors="0" timestamp="03 Mar 2020 23:02:15 GMT">
  <testcase classname="com.demo.tests.TestCase_01" name="web_test" time="14.998"/>
  <testcase classname="com.demo.tests.TestCase_01" name="checkUserInfo" time="0.0">
    <ignored/>
  </testcase> <!-- checkUserInfo -->
  <testcase classname="com.demo.tests.TestCase_01" name="confirmOrder" time="0.0">
    <ignored/>
  </testcase> <!-- confirmOrder -->
  <testcase classname="com.demo.tests.TestCase_01" name="putOrder" time="0.0">
    <ignored/>
  </testcase> <!-- putOrder -->
  <testcase classname="com.demo.tests.TestCase_01" name="checkTransactionActivities" time="0.0">
    <ignored/>
  </testcase> <!-- checkTransactionActivities -->
  <testcase classname="com.demo.tests.TestCase_01" name="loginUser" time="0.0">
    <ignored/>
  </testcase> <!-- loginUser -->
  <testcase classname="com.demo.tests.TestCase_01" name="searchForProduct" time="0.0">
    <ignored/>
  </testcase> <!-- searchForProduct -->
</testsuite> <!-- TC_02 -->
