<?xml version="1.0" encoding="UTF-8"?>
<!-- Generated by org.testng.reporters.JUnitXMLReporter -->
<testsuite hostname="QAIT006" ignored="1" name="TC_02" tests="6" failures="0" timestamp="26 Feb 2020 17:08:50 GMT" time="13.868" errors="0">
  <testcase name="api_user_login" time="0.427" classname="com.demo.tests.TestCase_01_PlaceOrder"/>
  <testcase name="api_get_client_info" time="0.223" classname="com.demo.tests.TestCase_01_PlaceOrder"/>
  <testcase name="api_search_stocks" time="0.254" classname="com.demo.tests.TestCase_01_PlaceOrder"/>
  <testcase name="api_place_order" time="1.304" classname="com.demo.tests.TestCase_01_PlaceOrder"/>
  <testcase name="api_order_confirmation" time="1.255" classname="com.demo.tests.TestCase_01_PlaceOrder"/>
  <testcase name="api_get_orders_history" time="0.495" classname="com.demo.tests.TestCase_01_PlaceOrder"/>
  <testcase name="web_test" time="0.0" classname="com.demo.tests.TestCase_01_PlaceOrder">
    <ignored/>
  </testcase> <!-- web_test -->
</testsuite> <!-- TC_02 -->
