<?xml version="1.0" encoding="UTF-8"?>
<!-- Generated by org.testng.reporters.JUnitXMLReporter -->
<testsuite hostname="QAIT006" ignored="6" name="TC_01" tests="1" failures="0" timestamp="26 Feb 2020 17:08:36 GMT" time="26.401" errors="0">
  <testcase name="web_test" time="14.822" classname="com.demo.tests.TestCase_01_PlaceOrder"/>
  <testcase name="api_user_login" time="0.0" classname="com.demo.tests.TestCase_01_PlaceOrder">
    <ignored/>
  </testcase> <!-- api_user_login -->
  <testcase name="api_get_orders_history" time="0.0" classname="com.demo.tests.TestCase_01_PlaceOrder">
    <ignored/>
  </testcase> <!-- api_get_orders_history -->
  <testcase name="api_order_confirmation" time="0.0" classname="com.demo.tests.TestCase_01_PlaceOrder">
    <ignored/>
  </testcase> <!-- api_order_confirmation -->
  <testcase name="api_get_client_info" time="0.0" classname="com.demo.tests.TestCase_01_PlaceOrder">
    <ignored/>
  </testcase> <!-- api_get_client_info -->
  <testcase name="api_place_order" time="0.0" classname="com.demo.tests.TestCase_01_PlaceOrder">
    <ignored/>
  </testcase> <!-- api_place_order -->
  <testcase name="api_search_stocks" time="0.0" classname="com.demo.tests.TestCase_01_PlaceOrder">
    <ignored/>
  </testcase> <!-- api_search_stocks -->
</testsuite> <!-- TC_01 -->
