<?xml version="1.0" encoding="UTF-8"?>
<!-- Generated by org.testng.reporters.JUnitXMLReporter -->
<testsuite hostname="QAIT006" ignored="0" name="TC_01_Index" tests="9" failures="0" timestamp="18 Feb 2020 16:17:59 GMT" time="6.508" errors="0">
  <testcase name="userLogin" time="0.495" classname="com.demo.tests.TestCase_01"/>
  <testcase name="clientInfo" time="0.24" classname="com.demo.tests.TestCase_01"/>
  <testcase name="productsPopular" time="3.657" classname="com.demo.tests.TestCase_01"/>
  <testcase name="products" time="0.214" classname="com.demo.tests.TestCase_01"/>
  <testcase name="marketsPageProducts" time="0.209" classname="com.demo.tests.TestCase_01"/>
  <testcase name="currencyInfo" time="0.821" classname="com.demo.tests.TestCase_01"/>
  <testcase name="order" time="0.29" classname="com.demo.tests.TestCase_01"/>
  <testcase name="orderConfirmation" time="0.289" classname="com.demo.tests.TestCase_01"/>
  <testcase name="ordersHistory" time="0.26" classname="com.demo.tests.TestCase_01"/>
</testsuite> <!-- TC_01_Index -->
