<?xml version="1.0" encoding="UTF-8"?>
<!-- Generated by org.testng.reporters.JUnitXMLReporter -->
<testsuite ignored="0" hostname="StationOne-PC" failures="0" tests="0" time="0.006" errors="0" timestamp="07 фев 2020 16:40:46 GMT">
  <testcase classname="com.demo.config.BasicTestConfig" name="@BeforeSuite browserConfig" time="0.0">
    <failure type="org.testng.TestNGException" message="
Parameter &amp;apos;browser&amp;apos; is required by BeforeSuite on method browserConfig but has not been marked @Optional or defined
in C:\Users\StationOne\.IntelliJIdea2018.1\system\temp-testng-customsuite.xml">
      <![CDATA[org.testng.TestNGException: 
Parameter 'browser' is required by BeforeSuite on method browserConfig but has not been marked @Optional or defined
in C:\Users\StationOne\.IntelliJIdea2018.1\system\temp-testng-customsuite.xml
... Removed 16 stack frames]]>
    </failure>
  </testcase> <!-- @BeforeSuite browserConfig -->
  <testcase classname="com.demo.config.BasicTestConfig" name="@BeforeSuite cleanReportData" time="0.0">
    <skipped/>
  </testcase> <!-- @BeforeSuite cleanReportData -->
  <testcase classname="com.demo.config.BasicTestConfig" name="@BeforeSuite setEnvironmentConfiguration" time="0.0">
    <skipped/>
  </testcase> <!-- @BeforeSuite setEnvironmentConfiguration -->
</testsuite>
