<?xml version="1.0" encoding="UTF-8"?>
<!-- Generated by org.testng.reporters.JUnitXMLReporter -->
<testsuite ignored="0" hostname="StationOne-PC" failures="0" tests="3" name="ID_01_NewElementCheck" time="12.731" errors="0" timestamp="17 Jan 2020 15:07:01 GMT">
  <testcase classname="com.demo.test_suites.frontend.TS_01_Items" name="loadHomePage" time="2.882"/>
  <testcase classname="com.demo.test_suites.frontend.TS_01_Items" name="searchItem" time="3.893"/>
  <testcase classname="com.demo.test_suites.frontend.TS_01_Items" name="openItemDescription" time="5.695"/>
</testsuite> <!-- ID_01_NewElementCheck -->
