<?xml version="1.0" encoding="UTF-8"?>
<!-- Generated by org.testng.reporters.JUnitXMLReporter -->
<testsuite ignored="0" hostname="StationOne-PC" failures="0" tests="2" name="ID_01_NewElementCheck" time="3.29" errors="0" timestamp="20 Jan 2020 15:15:06 GMT">
  <testcase classname="com.demo.test_suites.frontend.TC_02_CarCheck" name="homepage" time="1.674"/>
  <testcase classname="com.demo.test_suites.frontend.TC_02_CarCheck" name="search" time="1.396"/>
</testsuite> <!-- ID_01_NewElementCheck -->
