<?xml version="1.0" encoding="UTF-8"?>
<testng-results ignored="0" total="3" passed="3" failed="0" skipped="0">
  <reporter-output>
  </reporter-output>
  <suite started-at="2020-01-17T10:47:33Z" name="TS_01_Amazon_Elements" finished-at="2020-01-17T10:47:46Z" duration-ms="13049">
    <groups>
    </groups>
    <test started-at="2020-01-17T10:47:33Z" name="ID_01_NewElementCheck" finished-at="2020-01-17T10:47:46Z" duration-ms="13049">
      <class name="com.demo.test_suites.frontend.TS_01_Items">
        <test-method is-config="true" signature="browserConfig(java.lang.String)[pri:0, instance:com.demo.test_suites.frontend.TS_01_Items@503ecb24]" started-at="2020-01-17T10:47:29Z" name="browserConfig" finished-at="2020-01-17T10:47:33Z" duration-ms="3807" status="PASS">
          <params>
            <param index="0">
              <value>
                <![CDATA[chrome]]>
              </value>
            </param>
          </params>
          <reporter-output>
          </reporter-output>
        </test-method> <!-- browserConfig -->
        <test-method is-config="true" signature="cleanReportData()[pri:0, instance:com.demo.test_suites.frontend.TS_01_Items@503ecb24]" started-at="2020-01-17T10:47:33Z" name="cleanReportData" finished-at="2020-01-17T10:47:33Z" duration-ms="14" status="PASS">
          <reporter-output>
          </reporter-output>
        </test-method> <!-- cleanReportData -->
        <test-method is-config="true" signature="setEnvironmentConfiguration()[pri:0, instance:com.demo.test_suites.frontend.TS_01_Items@503ecb24]" started-at="2020-01-17T10:47:33Z" name="setEnvironmentConfiguration" finished-at="2020-01-17T10:47:33Z" duration-ms="2" status="PASS">
          <reporter-output>
          </reporter-output>
        </test-method> <!-- setEnvironmentConfiguration -->
        <test-method is-config="true" signature="report()[pri:0, instance:com.demo.test_suites.frontend.TS_01_Items@503ecb24]" started-at="2020-01-17T10:47:33Z" name="report" finished-at="2020-01-17T10:47:34Z" duration-ms="414" status="PASS">
          <reporter-output>
          </reporter-output>
        </test-method> <!-- report -->
        <test-method signature="loadHomePage(java.lang.reflect.Method)[pri:0, instance:com.demo.test_suites.frontend.TS_01_Items@503ecb24]" started-at="2020-01-17T10:47:34Z" name="loadHomePage" finished-at="2020-01-17T10:47:36Z" duration-ms="2535" status="PASS">
          <params>
            <param index="0">
              <value>
                <![CDATA[public void com.demo.test_suites.frontend.TS_01_Items.loadHomePage(java.lang.reflect.Method) throws java.lang.Exception]]>
              </value>
            </param>
          </params>
          <reporter-output>
          </reporter-output>
        </test-method> <!-- loadHomePage -->
        <test-method is-config="true" signature="generateReport(org.testng.ITestResult)[pri:0, instance:com.demo.test_suites.frontend.TS_01_Items@503ecb24]" started-at="2020-01-17T10:47:36Z" name="generateReport" finished-at="2020-01-17T10:47:36Z" duration-ms="2" status="PASS">
          <params>
            <param index="0">
              <value>
                <![CDATA[[TestResult name=loadHomePage status=SUCCESS method=TS_01_Items.loadHomePage(java.lang.reflect.Method)[pri:0, instance:com.demo.test_suites.frontend.TS_01_Items@503ecb24] output={null}]]]>
              </value>
            </param>
          </params>
          <reporter-output>
          </reporter-output>
        </test-method> <!-- generateReport -->
        <test-method signature="searchItem(java.lang.reflect.Method)[pri:0, instance:com.demo.test_suites.frontend.TS_01_Items@503ecb24]" started-at="2020-01-17T10:47:36Z" name="searchItem" finished-at="2020-01-17T10:47:41Z" duration-ms="4327" status="PASS">
          <params>
            <param index="0">
              <value>
                <![CDATA[public void com.demo.test_suites.frontend.TS_01_Items.searchItem(java.lang.reflect.Method) throws java.lang.Exception]]>
              </value>
            </param>
          </params>
          <reporter-output>
          </reporter-output>
        </test-method> <!-- searchItem -->
        <test-method is-config="true" signature="generateReport(org.testng.ITestResult)[pri:0, instance:com.demo.test_suites.frontend.TS_01_Items@503ecb24]" started-at="2020-01-17T10:47:41Z" name="generateReport" finished-at="2020-01-17T10:47:41Z" duration-ms="1" status="PASS">
          <params>
            <param index="0">
              <value>
                <![CDATA[[TestResult name=searchItem status=SUCCESS method=TS_01_Items.searchItem(java.lang.reflect.Method)[pri:0, instance:com.demo.test_suites.frontend.TS_01_Items@503ecb24] output={null}]]]>
              </value>
            </param>
          </params>
          <reporter-output>
          </reporter-output>
        </test-method> <!-- generateReport -->
        <test-method signature="openItemDescription(java.lang.reflect.Method)[pri:0, instance:com.demo.test_suites.frontend.TS_01_Items@503ecb24]" started-at="2020-01-17T10:47:41Z" name="openItemDescription" finished-at="2020-01-17T10:47:46Z" duration-ms="5730" status="PASS">
          <params>
            <param index="0">
              <value>
                <![CDATA[public void com.demo.test_suites.frontend.TS_01_Items.openItemDescription(java.lang.reflect.Method) throws java.lang.Exception]]>
              </value>
            </param>
          </params>
          <reporter-output>
          </reporter-output>
        </test-method> <!-- openItemDescription -->
        <test-method is-config="true" signature="generateReport(org.testng.ITestResult)[pri:0, instance:com.demo.test_suites.frontend.TS_01_Items@503ecb24]" started-at="2020-01-17T10:47:46Z" name="generateReport" finished-at="2020-01-17T10:47:46Z" duration-ms="1" status="PASS">
          <params>
            <param index="0">
              <value>
                <![CDATA[[TestResult name=openItemDescription status=SUCCESS method=TS_01_Items.openItemDescription(java.lang.reflect.Method)[pri:0, instance:com.demo.test_suites.frontend.TS_01_Items@503ecb24] output={null}]]]>
              </value>
            </param>
          </params>
          <reporter-output>
          </reporter-output>
        </test-method> <!-- generateReport -->
        <test-method is-config="true" signature="clearXmlFiles()[pri:0, instance:com.demo.test_suites.frontend.TS_01_Items@503ecb24]" started-at="2020-01-17T10:47:46Z" name="clearXmlFiles" finished-at="2020-01-17T10:47:46Z" duration-ms="8" status="PASS">
          <reporter-output>
          </reporter-output>
        </test-method> <!-- clearXmlFiles -->
        <test-method is-config="true" signature="flushReportData()[pri:0, instance:com.demo.test_suites.frontend.TS_01_Items@503ecb24]" started-at="2020-01-17T10:47:46Z" name="flushReportData" finished-at="2020-01-17T10:47:47Z" duration-ms="469" status="PASS">
          <reporter-output>
          </reporter-output>
        </test-method> <!-- flushReportData -->
        <test-method is-config="true" signature="tearDown()[pri:0, instance:com.demo.test_suites.frontend.TS_01_Items@503ecb24]" started-at="2020-01-17T10:47:47Z" name="tearDown" finished-at="2020-01-17T10:47:48Z" depends-on-methods="com.demo.config.BasicConfiguration.clearXmlFiles" duration-ms="892" status="PASS">
          <reporter-output>
          </reporter-output>
        </test-method> <!-- tearDown -->
      </class> <!-- com.demo.test_suites.frontend.TS_01_Items -->
    </test> <!-- ID_01_NewElementCheck -->
  </suite> <!-- TS_01_Amazon_Elements -->
</testng-results>
