<?xml version="1.0" encoding="UTF-8"?>
<testng-results ignored="0" total="3" passed="1" failed="2" skipped="0">
  <reporter-output>
  </reporter-output>
  <suite started-at="2020-03-11T23:33:14Z" name="TC_001" finished-at="2020-03-11T23:33:48Z" duration-ms="34402">
    <groups>
    </groups>
    <test started-at="2020-03-11T23:33:14Z" name="TC_02" finished-at="2020-03-11T23:33:48Z" duration-ms="34402">
      <class name="com.demo.tests.TestCase_Takeaway">
        <test-method is-config="true" signature="browserConfig(java.lang.String)[pri:0, instance:com.demo.tests.TestCase_Takeaway@4c51cf28]" started-at="2020-03-11T23:33:11Z" name="browserConfig" finished-at="2020-03-11T23:33:14Z" duration-ms="3289" status="PASS">
          <params>
            <param index="0">
              <value>
                <![CDATA[chrome]]>
              </value>
            </param>
          </params>
          <reporter-output>
          </reporter-output>
        </test-method> <!-- browserConfig -->
        <test-method is-config="true" signature="cleanReportData()[pri:0, instance:com.demo.tests.TestCase_Takeaway@4c51cf28]" started-at="2020-03-11T23:33:14Z" name="cleanReportData" finished-at="2020-03-11T23:33:14Z" duration-ms="10" status="PASS">
          <reporter-output>
          </reporter-output>
        </test-method> <!-- cleanReportData -->
        <test-method is-config="true" signature="setEnvironment(java.lang.String)[pri:0, instance:com.demo.tests.TestCase_Takeaway@4c51cf28]" started-at="2020-03-11T23:33:14Z" name="setEnvironment" finished-at="2020-03-11T23:33:14Z" duration-ms="47" status="PASS">
          <params>
            <param index="0">
              <value>
                <![CDATA[production]]>
              </value>
            </param>
          </params>
          <reporter-output>
          </reporter-output>
        </test-method> <!-- setEnvironment -->
        <test-method signature="loadHomePage()[pri:0, instance:com.demo.tests.TestCase_Takeaway@4c51cf28]" started-at="2020-03-11T23:33:14Z" name="loadHomePage" description="WEB" finished-at="2020-03-11T23:33:19Z" duration-ms="5189" status="PASS">
          <reporter-output>
          </reporter-output>
        </test-method> <!-- loadHomePage -->
        <test-method is-config="true" signature="generateReport(org.testng.ITestResult)[pri:0, instance:com.demo.tests.TestCase_Takeaway@4c51cf28]" started-at="2020-03-11T23:33:19Z" name="generateReport" finished-at="2020-03-11T23:33:19Z" duration-ms="1" status="PASS">
          <params>
            <param index="0">
              <value>
                <![CDATA[[TestResult name=loadHomePage status=SUCCESS method=TestCase_Takeaway.loadHomePage()[pri:0, instance:com.demo.tests.TestCase_Takeaway@4c51cf28] output={null}]]]>
              </value>
            </param>
          </params>
          <reporter-output>
          </reporter-output>
        </test-method> <!-- generateReport -->
        <test-method signature="search()[pri:0, instance:com.demo.tests.TestCase_Takeaway@4c51cf28]" started-at="2020-03-11T23:33:19Z" name="search" description="WEB" finished-at="2020-03-11T23:33:28Z" duration-ms="8757" status="FAIL">
          <exception class="java.lang.AssertionError">
            <message>
              <![CDATA[expected [true] but found [false]]]>
            </message>
            <full-stacktrace>
              <![CDATA[java.lang.AssertionError: expected [true] but found [false]
at org.testng.Assert.fail(Assert.java:96)
at org.testng.Assert.failNotEquals(Assert.java:776)
at org.testng.Assert.assertTrue(Assert.java:44)
at org.testng.Assert.assertTrue(Assert.java:54)
at com.demo.utilities.user_interface.Assertions.checkPageTitle(Assertions.java:35)
at com.demo.scripts.ui.takeaway.SearchRestaurant.searchRestaurant(SearchRestaurant.java:56)
at com.demo.tests.TestCase_Takeaway.search(TestCase_Takeaway.java:31)
at java.base/jdk.internal.reflect.NativeMethodAccessorImpl.invoke0(Native Method)
at java.base/jdk.internal.reflect.NativeMethodAccessorImpl.invoke(NativeMethodAccessorImpl.java:62)
at java.base/jdk.internal.reflect.DelegatingMethodAccessorImpl.invoke(DelegatingMethodAccessorImpl.java:43)
at java.base/java.lang.reflect.Method.invoke(Method.java:566)
at org.testng.internal.MethodInvocationHelper.invokeMethod(MethodInvocationHelper.java:124)
at org.testng.internal.Invoker.invokeMethod(Invoker.java:583)
at org.testng.internal.Invoker.invokeTestMethod(Invoker.java:719)
at org.testng.internal.Invoker.invokeTestMethods(Invoker.java:989)
at org.testng.internal.TestMethodWorker.invokeTestMethods(TestMethodWorker.java:125)
at org.testng.internal.TestMethodWorker.run(TestMethodWorker.java:109)
at org.testng.TestRunner.privateRun(TestRunner.java:648)
at org.testng.TestRunner.run(TestRunner.java:505)
at org.testng.SuiteRunner.runTest(SuiteRunner.java:455)
at org.testng.SuiteRunner.runSequentially(SuiteRunner.java:450)
at org.testng.SuiteRunner.privateRun(SuiteRunner.java:415)
at org.testng.SuiteRunner.run(SuiteRunner.java:364)
at org.testng.SuiteRunnerWorker.runSuite(SuiteRunnerWorker.java:52)
at org.testng.SuiteRunnerWorker.run(SuiteRunnerWorker.java:84)
at org.testng.TestNG.runSuitesSequentially(TestNG.java:1208)
at org.testng.TestNG.runSuitesLocally(TestNG.java:1137)
at org.testng.TestNG.runSuites(TestNG.java:1049)
at org.testng.TestNG.run(TestNG.java:1017)
at org.testng.TestNG.privateMain(TestNG.java:1354)
at org.testng.TestNG.main(TestNG.java:1323)
]]>
            </full-stacktrace>
          </exception> <!-- java.lang.AssertionError -->
          <reporter-output>
          </reporter-output>
        </test-method> <!-- search -->
        <test-method is-config="true" signature="generateReport(org.testng.ITestResult)[pri:0, instance:com.demo.tests.TestCase_Takeaway@4c51cf28]" started-at="2020-03-11T23:33:28Z" name="generateReport" finished-at="2020-03-11T23:33:29Z" duration-ms="1178" status="PASS">
          <params>
            <param index="0">
              <value>
                <![CDATA[[TestResult name=search status=FAILURE method=TestCase_Takeaway.search()[pri:0, instance:com.demo.tests.TestCase_Takeaway@4c51cf28] output={null}]]]>
              </value>
            </param>
          </params>
          <reporter-output>
          </reporter-output>
        </test-method> <!-- generateReport -->
        <test-method signature="selectRestaurant()[pri:0, instance:com.demo.tests.TestCase_Takeaway@4c51cf28]" started-at="2020-03-11T23:33:29Z" name="selectRestaurant" description="WEB" finished-at="2020-03-11T23:33:47Z" duration-ms="18159" status="FAIL">
          <exception class="org.openqa.selenium.TimeoutException">
            <message>
              <![CDATA[Expected condition failed: waiting for visibility of [[ChromeDriver: chrome on XP (8f46316fca54b484d19f3e08341b57b2)] -> xpath: //div[3]//div[4]//img[1]] (tried for 10 second(s) with 500 milliseconds interval)
Build info: version: 'unknown', revision: 'unknown', time: 'unknown'
System info: host: 'STATIONONE-PC', ip: '192.168.56.1', os.name: 'Windows 7', os.arch: 'amd64', os.version: '6.1', java.version: '11.0.5'
Driver info: org.openqa.selenium.chrome.ChromeDriver
Capabilities {acceptInsecureCerts: false, acceptSslCerts: false, applicationCacheEnabled: false, browserConnectionEnabled: false, browserName: chrome, chrome: {chromedriverVersion: 72.0.3626.7 (efcef9a3ecda02..., userDataDir: C:\Users\STATIO~1\AppData\L...}, cssSelectorsEnabled: true, databaseEnabled: false, goog:chromeOptions: {debuggerAddress: localhost:53418}, handlesAlerts: true, hasTouchScreen: false, javascriptEnabled: true, locationContextEnabled: true, mobileEmulationEnabled: false, nativeEvents: true, networkConnectionEnabled: false, pageLoadStrategy: normal, platform: XP, platformName: XP, proxy: Proxy(), rotatable: false, setWindowRect: true, takesHeapSnapshot: true, takesScreenshot: true, timeouts: {implicit: 0, pageLoad: 300000, script: 30000}, unexpectedAlertBehaviour: ignore, unhandledPromptBehavior: ignore, version: 80.0.3987.132, webStorageEnabled: true}
Session ID: 8f46316fca54b484d19f3e08341b57b2]]>
            </message>
            <full-stacktrace>
              <![CDATA[org.openqa.selenium.TimeoutException: Expected condition failed: waiting for visibility of [[ChromeDriver: chrome on XP (8f46316fca54b484d19f3e08341b57b2)] -> xpath: //div[3]//div[4]//img[1]] (tried for 10 second(s) with 500 milliseconds interval)
Build info: version: 'unknown', revision: 'unknown', time: 'unknown'
System info: host: 'STATIONONE-PC', ip: '192.168.56.1', os.name: 'Windows 7', os.arch: 'amd64', os.version: '6.1', java.version: '11.0.5'
Driver info: org.openqa.selenium.chrome.ChromeDriver
Capabilities {acceptInsecureCerts: false, acceptSslCerts: false, applicationCacheEnabled: false, browserConnectionEnabled: false, browserName: chrome, chrome: {chromedriverVersion: 72.0.3626.7 (efcef9a3ecda02..., userDataDir: C:\Users\STATIO~1\AppData\L...}, cssSelectorsEnabled: true, databaseEnabled: false, goog:chromeOptions: {debuggerAddress: localhost:53418}, handlesAlerts: true, hasTouchScreen: false, javascriptEnabled: true, locationContextEnabled: true, mobileEmulationEnabled: false, nativeEvents: true, networkConnectionEnabled: false, pageLoadStrategy: normal, platform: XP, platformName: XP, proxy: Proxy(), rotatable: false, setWindowRect: true, takesHeapSnapshot: true, takesScreenshot: true, timeouts: {implicit: 0, pageLoad: 300000, script: 30000}, unexpectedAlertBehaviour: ignore, unhandledPromptBehavior: ignore, version: 80.0.3987.132, webStorageEnabled: true}
Session ID: 8f46316fca54b484d19f3e08341b57b2
at org.openqa.selenium.support.ui.WebDriverWait.timeoutException(WebDriverWait.java:95)
at org.openqa.selenium.support.ui.FluentWait.until(FluentWait.java:272)
at com.demo.scripts.ui.takeaway.SearchNearestRestaurant.searchNearestRestaurant(SearchNearestRestaurant.java:51)
at com.demo.tests.TestCase_Takeaway.selectRestaurant(TestCase_Takeaway.java:39)
at java.base/jdk.internal.reflect.NativeMethodAccessorImpl.invoke0(Native Method)
at java.base/jdk.internal.reflect.NativeMethodAccessorImpl.invoke(NativeMethodAccessorImpl.java:62)
at java.base/jdk.internal.reflect.DelegatingMethodAccessorImpl.invoke(DelegatingMethodAccessorImpl.java:43)
at java.base/java.lang.reflect.Method.invoke(Method.java:566)
at org.testng.internal.MethodInvocationHelper.invokeMethod(MethodInvocationHelper.java:124)
at org.testng.internal.Invoker.invokeMethod(Invoker.java:583)
at org.testng.internal.Invoker.invokeTestMethod(Invoker.java:719)
at org.testng.internal.Invoker.invokeTestMethods(Invoker.java:989)
at org.testng.internal.TestMethodWorker.invokeTestMethods(TestMethodWorker.java:125)
at org.testng.internal.TestMethodWorker.run(TestMethodWorker.java:109)
at org.testng.TestRunner.privateRun(TestRunner.java:648)
at org.testng.TestRunner.run(TestRunner.java:505)
at org.testng.SuiteRunner.runTest(SuiteRunner.java:455)
at org.testng.SuiteRunner.runSequentially(SuiteRunner.java:450)
at org.testng.SuiteRunner.privateRun(SuiteRunner.java:415)
at org.testng.SuiteRunner.run(SuiteRunner.java:364)
at org.testng.SuiteRunnerWorker.runSuite(SuiteRunnerWorker.java:52)
at org.testng.SuiteRunnerWorker.run(SuiteRunnerWorker.java:84)
at org.testng.TestNG.runSuitesSequentially(TestNG.java:1208)
at org.testng.TestNG.runSuitesLocally(TestNG.java:1137)
at org.testng.TestNG.runSuites(TestNG.java:1049)
at org.testng.TestNG.run(TestNG.java:1017)
at org.testng.TestNG.privateMain(TestNG.java:1354)
at org.testng.TestNG.main(TestNG.java:1323)
]]>
            </full-stacktrace>
          </exception> <!-- org.openqa.selenium.TimeoutException -->
          <reporter-output>
          </reporter-output>
        </test-method> <!-- selectRestaurant -->
        <test-method is-config="true" signature="generateReport(org.testng.ITestResult)[pri:0, instance:com.demo.tests.TestCase_Takeaway@4c51cf28]" started-at="2020-03-11T23:33:47Z" name="generateReport" finished-at="2020-03-11T23:33:48Z" duration-ms="1056" status="PASS">
          <params>
            <param index="0">
              <value>
                <![CDATA[[TestResult name=selectRestaurant status=FAILURE method=TestCase_Takeaway.selectRestaurant()[pri:0, instance:com.demo.tests.TestCase_Takeaway@4c51cf28] output={null}]]]>
              </value>
            </param>
          </params>
          <reporter-output>
          </reporter-output>
        </test-method> <!-- generateReport -->
        <test-method is-config="true" signature="clearXmlFiles()[pri:0, instance:com.demo.tests.TestCase_Takeaway@4c51cf28]" started-at="2020-03-11T23:33:49Z" name="clearXmlFiles" finished-at="2020-03-11T23:33:49Z" duration-ms="5" status="PASS">
          <reporter-output>
          </reporter-output>
        </test-method> <!-- clearXmlFiles -->
        <test-method is-config="true" signature="flushReportData()[pri:0, instance:com.demo.tests.TestCase_Takeaway@4c51cf28]" started-at="2020-03-11T23:33:49Z" name="flushReportData" finished-at="2020-03-11T23:33:53Z" duration-ms="4560" status="PASS">
          <reporter-output>
          </reporter-output>
        </test-method> <!-- flushReportData -->
      </class> <!-- com.demo.tests.TestCase_Takeaway -->
    </test> <!-- TC_02 -->
  </suite> <!-- TC_001 -->
</testng-results>
