<?xml version="1.0" encoding="UTF-8"?>
<testsuite xmlns:xsi="http://www.w3.org/2001/XMLSchema-instance" xsi:noNamespaceSchemaLocation="https://maven.apache.org/surefire/maven-surefire-plugin/xsd/surefire-test-report-3.0.xsd" version="3.0" name="TestSuite" time="0.889" tests="24" errors="0" skipped="2" failures="22">
  <properties>
[...]
</properties>
  <testcase name="browserConfig" classname="com.demo.tests.TestCase_01" time="0.613">
    <failure message="The driver executable does not exist: C:\Automation\src\main\resources\drivers\chromedriver.exe" type="java.lang.IllegalStateException">java.lang.IllegalStateException: The driver executable does not exist: C:\Automation\src\main\resources\drivers\chromedriver.exe
</failure>
    <system-out><![CDATA[...
... TestNG 6.14.3 by Cédric Beust (cedric@beust.com)
...


 SUITE STARTED: [ TC_01_CHROME ]
]]></system-out>
    <system-err><![CDATA[ERROR StatusLogger No Log4j 2 configuration file found. Using default configuration (logging only errors to the console), or user programmatically provided configurations. Set system property 'log4j2.debug' to show Log4j 2 internal initialization logging. See https://logging.apache.org/log4j/2.x/manual/configuration.html for instructions on how to configure Log4j 2
java.lang.IllegalArgumentException: C:\Automation\report\JSON does not exist
	at org.apache.commons.io.FileUtils.verifiedListFiles(FileUtils.java:1741)
	at org.apache.commons.io.FileUtils.cleanDirectory(FileUtils.java:1716)
	at com.demo.config.BasicTestConfig.cleanReportData(BasicTestConfig.java:96)
	at sun.reflect.NativeMethodAccessorImpl.invoke0(Native Method)
	at sun.reflect.NativeMethodAccessorImpl.invoke(NativeMethodAccessorImpl.java:62)
	at sun.reflect.DelegatingMethodAccessorImpl.invoke(DelegatingMethodAccessorImpl.java:43)
	at java.lang.reflect.Method.invoke(Method.java:498)
	at org.testng.internal.MethodInvocationHelper.invokeMethod(MethodInvocationHelper.java:124)
	at org.testng.internal.MethodInvocationHelper.invokeMethodConsideringTimeout(MethodInvocationHelper.java:59)
	at org.testng.internal.Invoker.invokeConfigurationMethod(Invoker.java:458)
	at org.testng.internal.Invoker.invokeConfigurations(Invoker.java:222)
	at org.testng.internal.Invoker.invokeConfigurations(Invoker.java:142)
	at org.testng.SuiteRunner.privateRun(SuiteRunner.java:401)
	at org.testng.SuiteRunner.run(SuiteRunner.java:364)
	at org.testng.SuiteRunnerWorker.runSuite(SuiteRunnerWorker.java:52)
	at org.testng.SuiteRunnerWorker.run(SuiteRunnerWorker.java:84)
	at org.testng.TestNG.runSuitesSequentially(TestNG.java:1208)
	at org.testng.TestNG.runSuitesLocally(TestNG.java:1137)
	at org.testng.TestNG.runSuites(TestNG.java:1049)
	at org.testng.TestNG.run(TestNG.java:1017)
	at org.apache.maven.surefire.testng.TestNGExecutor.run(TestNGExecutor.java:283)
	at org.apache.maven.surefire.testng.TestNGXmlTestSuite.execute(TestNGXmlTestSuite.java:75)
	at org.apache.maven.surefire.testng.TestNGProvider.invoke(TestNGProvider.java:120)
	at org.apache.maven.surefire.booter.ForkedBooter.invokeProviderInSameClassLoader(ForkedBooter.java:384)
	at org.apache.maven.surefire.booter.ForkedBooter.runSuitesInProcess(ForkedBooter.java:345)
	at org.apache.maven.surefire.booter.ForkedBooter.execute(ForkedBooter.java:126)
	at org.apache.maven.surefire.booter.ForkedBooter.main(ForkedBooter.java:418)
]]></system-err>
  </testcase>
  <testcase name="setEnvironment" classname="com.demo.tests.TestCase_01" time="0">
    <skipped/>
  </testcase>
  <testcase name="post_login" classname="com.demo.tests.TestCase_01" time="0.128">
    <failure message="InputStream cannot be null" type="java.lang.IllegalArgumentException">java.lang.IllegalArgumentException: InputStream cannot be null
	at com.demo.tests.TestCase_01.post_login(TestCase_01.java:55)
</failure>
    <system-out><![CDATA[
 TEST STARTED: [ POST_LOGIN ]
]]></system-out>
    <system-err><![CDATA[Mar 20, 2020 10:50:34 PM com.aventstack.extentreports.configuration.ConfigLoader <init>
SEVERE: C:\Automation\src\main\resources\extent-config.xml
java.io.FileNotFoundException: C:\Automation\src\main\resources\extent-config.xml (The system cannot find the path specified)
	at java.io.FileInputStream.open0(Native Method)
	at java.io.FileInputStream.open(FileInputStream.java:195)
	at java.io.FileInputStream.<init>(FileInputStream.java:138)
	at com.aventstack.extentreports.configuration.ConfigLoader.<init>(ConfigLoader.java:49)
	at com.aventstack.extentreports.reporter.AbstractReporter.loadXMLConfig(AbstractReporter.java:64)
	at com.aventstack.extentreports.reporter.AbstractReporter.loadXMLConfig(AbstractReporter.java:60)
	at com.demo.config.ReporterConfig.getHtmlReporter(ReporterConfig.java:63)
	at com.demo.config.ReporterConfig.GetExtent(ReporterConfig.java:39)
	at com.demo.config.ReporterConfig.startTestReport(ReporterConfig.java:71)
	at com.demo.scripts.api.account.Login.report(Login.java:41)
	at com.demo.scripts.api.account.Login.secureLogin(Login.java:48)
	at com.demo.tests.TestCase_01.post_login(TestCase_01.java:55)
	at sun.reflect.NativeMethodAccessorImpl.invoke0(Native Method)
	at sun.reflect.NativeMethodAccessorImpl.invoke(NativeMethodAccessorImpl.java:62)
	at sun.reflect.DelegatingMethodAccessorImpl.invoke(DelegatingMethodAccessorImpl.java:43)
	at java.lang.reflect.Method.invoke(Method.java:498)
	at org.testng.internal.MethodInvocationHelper.invokeMethod(MethodInvocationHelper.java:124)
	at org.testng.internal.Invoker.invokeMethod(Invoker.java:583)
	at org.testng.internal.Invoker.invokeTestMethod(Invoker.java:719)
	at org.testng.internal.Invoker.invokeTestMethods(Invoker.java:989)
	at org.testng.internal.TestMethodWorker.invokeTestMethods(TestMethodWorker.java:125)
	at org.testng.internal.TestMethodWorker.run(TestMethodWorker.java:109)
	at org.testng.TestRunner.privateRun(TestRunner.java:648)
	at org.testng.TestRunner.run(TestRunner.java:505)
	at org.testng.SuiteRunner.runTest(SuiteRunner.java:455)
	at org.testng.SuiteRunner.runSequentially(SuiteRunner.java:450)
	at org.testng.SuiteRunner.privateRun(SuiteRunner.java:415)
	at org.testng.SuiteRunner.run(SuiteRunner.java:364)
	at org.testng.SuiteRunnerWorker.runSuite(SuiteRunnerWorker.java:52)
	at org.testng.SuiteRunnerWorker.run(SuiteRunnerWorker.java:84)
	at org.testng.TestNG.runSuitesSequentially(TestNG.java:1208)
	at org.testng.TestNG.runSuitesLocally(TestNG.java:1137)
	at org.testng.TestNG.runSuites(TestNG.java:1049)
	at org.testng.TestNG.run(TestNG.java:1017)
	at org.apache.maven.surefire.testng.TestNGExecutor.run(TestNGExecutor.java:283)
	at org.apache.maven.surefire.testng.TestNGXmlTestSuite.execute(TestNGXmlTestSuite.java:75)
	at org.apache.maven.surefire.testng.TestNGProvider.invoke(TestNGProvider.java:120)
	at org.apache.maven.surefire.booter.ForkedBooter.invokeProviderInSameClassLoader(ForkedBooter.java:384)
	at org.apache.maven.surefire.booter.ForkedBooter.runSuitesInProcess(ForkedBooter.java:345)
	at org.apache.maven.surefire.booter.ForkedBooter.execute(ForkedBooter.java:126)
	at org.apache.maven.surefire.booter.ForkedBooter.main(ForkedBooter.java:418)

]]></system-err>
  </testcase>
  <testcase name="generateReport" classname="com.demo.tests.TestCase_01" time="0.13">
    <failure type="java.lang.NullPointerException">java.lang.NullPointerException
</failure>
    <system-out><![CDATA[22:50:34.476 [main] ERROR com.demo.config.BasicTestConfig - | FAILED | TestCase_01
]]></system-out>
  </testcase>
  <testcase name="generateReport" classname="com.demo.tests.TestCase_01" time="0.004">
    <failure type="java.lang.NullPointerException">java.lang.NullPointerException
</failure>
    <system-out><![CDATA[22:50:34.484 [main] ERROR com.demo.config.BasicTestConfig - | FAILED | TestCase_01
]]></system-out>
  </testcase>
  <testcase name="generateReport" classname="com.demo.tests.TestCase_01" time="0.004">
    <failure type="java.lang.NullPointerException">java.lang.NullPointerException
</failure>
    <system-out><![CDATA[22:50:34.486 [main] ERROR com.demo.config.BasicTestConfig - | FAILED | TestCase_01
]]></system-out>
  </testcase>
  <testcase name="generateReport" classname="com.demo.tests.TestCase_01" time="0.005">
    <failure type="java.lang.NullPointerException">java.lang.NullPointerException
</failure>
    <system-out><![CDATA[22:50:34.488 [main] ERROR com.demo.config.BasicTestConfig - | FAILED | TestCase_01
]]></system-out>
  </testcase>
  <testcase name="generateReport" classname="com.demo.tests.TestCase_01" time="0.004">
    <failure type="java.lang.NullPointerException">java.lang.NullPointerException
</failure>
    <system-out><![CDATA[22:50:34.490 [main] ERROR com.demo.config.BasicTestConfig - | FAILED | TestCase_01
]]></system-out>
  </testcase>
  <testcase name="generateReport" classname="com.demo.tests.TestCase_01" time="0.004">
    <failure type="java.lang.NullPointerException">java.lang.NullPointerException
</failure>
    <system-out><![CDATA[22:50:34.492 [main] ERROR com.demo.config.BasicTestConfig - | FAILED | TestCase_01
]]></system-out>
  </testcase>
  <testcase name="generateReport" classname="com.demo.tests.TestCase_01" time="0.02">
    <failure type="java.lang.NullPointerException">java.lang.NullPointerException
</failure>
    <system-out><![CDATA[22:50:34.611 [main] ERROR com.demo.config.BasicTestConfig - | FAILED | TestCase_01
]]></system-out>
  </testcase>
  <testcase name="generateReport" classname="com.demo.tests.TestCase_01" time="0.009">
    <failure type="java.lang.NullPointerException">java.lang.NullPointerException
</failure>
    <system-out><![CDATA[22:50:34.620 [main] ERROR com.demo.config.BasicTestConfig - | FAILED | TestCase_01
]]></system-out>
  </testcase>
  <testcase name="generateReport" classname="com.demo.tests.TestCase_01" time="0.004">
    <failure type="java.lang.NullPointerException">java.lang.NullPointerException
</failure>
    <system-out><![CDATA[22:50:34.624 [main] ERROR com.demo.config.BasicTestConfig - | FAILED | TestCase_01
]]></system-out>
  </testcase>
  <testcase name="generateReport" classname="com.demo.tests.TestCase_01" time="0.006">
    <failure type="java.lang.NullPointerException">java.lang.NullPointerException
</failure>
    <system-out><![CDATA[22:50:34.626 [main] ERROR com.demo.config.BasicTestConfig - | FAILED | TestCase_01
]]></system-out>
  </testcase>
  <testcase name="get_user_info" classname="com.demo.tests.TestCase_01" time="0.001">
    <failure message="No reporters were started. Atleast 1 reporter must be started to create tests." type="java.lang.IllegalStateException">java.lang.IllegalStateException: No reporters were started. Atleast 1 reporter must be started to create tests.
	at com.demo.tests.TestCase_01.get_user_info(TestCase_01.java:63)
</failure>
    <system-out><![CDATA[
 TEST STARTED: [ GET_USER_INFO ]
]]></system-out>
  </testcase>
  <testcase name="get_product_list" classname="com.demo.tests.TestCase_01" time="0.002">
    <failure message="No reporters were started. Atleast 1 reporter must be started to create tests." type="java.lang.IllegalStateException">java.lang.IllegalStateException: No reporters were started. Atleast 1 reporter must be started to create tests.
	at com.demo.tests.TestCase_01.get_product_list(TestCase_01.java:70)
</failure>
    <system-out><![CDATA[
 TEST STARTED: [ GET_PRODUCT_LIST ]
]]></system-out>
  </testcase>
  <testcase name="post_place_order" classname="com.demo.tests.TestCase_01" time="0.002">
    <failure message="No reporters were started. Atleast 1 reporter must be started to create tests." type="java.lang.IllegalStateException">java.lang.IllegalStateException: No reporters were started. Atleast 1 reporter must be started to create tests.
	at com.demo.tests.TestCase_01.post_place_order(TestCase_01.java:78)
</failure>
    <system-out><![CDATA[
 TEST STARTED: [ POST_PLACE_ORDER ]
]]></system-out>
  </testcase>
  <testcase name="post_confirm_order" classname="com.demo.tests.TestCase_01" time="0.001">
    <failure message="No reporters were started. Atleast 1 reporter must be started to create tests." type="java.lang.IllegalStateException">java.lang.IllegalStateException: No reporters were started. Atleast 1 reporter must be started to create tests.
	at com.demo.tests.TestCase_01.post_confirm_order(TestCase_01.java:85)
</failure>
    <system-out><![CDATA[
 TEST STARTED: [ POST_CONFIRM_ORDER ]
]]></system-out>
  </testcase>
  <testcase name="get_transaction_history" classname="com.demo.tests.TestCase_01" time="0.001">
    <failure message="No reporters were started. Atleast 1 reporter must be started to create tests." type="java.lang.IllegalStateException">java.lang.IllegalStateException: No reporters were started. Atleast 1 reporter must be started to create tests.
	at com.demo.tests.TestCase_01.get_transaction_history(TestCase_01.java:92)
</failure>
    <system-out><![CDATA[
 TEST STARTED: [ GET_TRANSACTION_HISTORY ]
]]></system-out>
  </testcase>
  <testcase name="web_login" classname="com.demo.tests.TestCase_01" time="0.017">
    <failure message="No reporters were started. Atleast 1 reporter must be started to create tests." type="java.lang.IllegalStateException">java.lang.IllegalStateException: No reporters were started. Atleast 1 reporter must be started to create tests.
	at com.demo.tests.TestCase_01.web_login(TestCase_01.java:27)
</failure>
    <system-out><![CDATA[
 TEST STARTED: [ WEB_LOGIN ]
]]></system-out>
  </testcase>
  <testcase name="web_user_amount" classname="com.demo.tests.TestCase_01" time="0.005">
    <failure message="No reporters were started. Atleast 1 reporter must be started to create tests." type="java.lang.IllegalStateException">java.lang.IllegalStateException: No reporters were started. Atleast 1 reporter must be started to create tests.
	at com.demo.tests.TestCase_01.web_user_amount(TestCase_01.java:35)
</failure>
    <system-out><![CDATA[
 TEST STARTED: [ WEB_USER_AMOUNT ]
]]></system-out>
  </testcase>
  <testcase name="web_user_transactions" classname="com.demo.tests.TestCase_01" time="0.001">
    <failure message="No reporters were started. Atleast 1 reporter must be started to create tests." type="java.lang.IllegalStateException">java.lang.IllegalStateException: No reporters were started. Atleast 1 reporter must be started to create tests.
	at com.demo.tests.TestCase_01.web_user_transactions(TestCase_01.java:42)
</failure>
    <system-out><![CDATA[
 TEST STARTED: [ WEB_USER_TRANSACTIONS ]
]]></system-out>
  </testcase>
  <testcase name="web_search_product" classname="com.demo.tests.TestCase_01" time="0.003">
    <failure message="No reporters were started. Atleast 1 reporter must be started to create tests." type="java.lang.IllegalStateException">java.lang.IllegalStateException: No reporters were started. Atleast 1 reporter must be started to create tests.
	at com.demo.tests.TestCase_01.web_search_product(TestCase_01.java:48)
</failure>
    <system-out><![CDATA[
 TEST STARTED: [ WEB_SEARCH_PRODUCT ]
]]></system-out>
  </testcase>
  <testcase name="clearXmlFiles" classname="com.demo.tests.TestCase_01" time="0">
    <skipped/>
    <system-out><![CDATA[
 TEST FINISH: [ TC_01_CHROME ]
]]></system-out>
  </testcase>
  <testcase name="flushReportData" classname="com.demo.tests.TestCase_01" time="0.008">
    <failure message="No reporters were started. Atleast 1 reporter must be started to flush results." type="java.lang.IllegalStateException">java.lang.IllegalStateException: No reporters were started. Atleast 1 reporter must be started to flush results.
</failure>
  </testcase>
</testsuite>