<?xml version="1.0" encoding="UTF-8"?>
<testsuite xmlns:xsi="http://www.w3.org/2001/XMLSchema-instance" xsi:noNamespaceSchemaLocation="https://maven.apache.org/surefire/maven-surefire-plugin/xsd/surefire-test-report-3.0.xsd" version="3.0" name="TestSuite" time="0.889" tests="24" errors="0" skipped="2" failures="22">
  <properties>
    <property name="sun.desktop" value="windows"/>
    <property name="awt.toolkit" value="sun.awt.windows.WToolkit"/>
    <property name="surefire.suiteXmlFiles" value="C:\Automation\AutomationTestLab\src\main\resources\xml_files\TestCase_01.xml"/>
    <property name="file.encoding.pkg" value="sun.io"/>
    <property name="java.specification.version" value="1.8"/>
    <property name="sun.cpu.isalist" value="amd64"/>
    <property name="sun.jnu.encoding" value="Cp1252"/>
    <property name="java.class.path" value="C:\Automation\AutomationTestLab\target\test-classes;C:\Automation\AutomationTestLab\target\classes;C:\Users\PPopov\.m2\repository\com\squareup\okhttp3\okhttp\4.2.1\okhttp-4.2.1.jar;C:\Users\PPopov\.m2\repository\com\squareup\okio\okio\2.2.2\okio-2.2.2.jar;C:\Users\PPopov\.m2\repository\org\jetbrains\kotlin\kotlin-stdlib\1.3.50\kotlin-stdlib-1.3.50.jar;C:\Users\PPopov\.m2\repository\org\jetbrains\kotlin\kotlin-stdlib-common\1.3.50\kotlin-stdlib-common-1.3.50.jar;C:\Users\PPopov\.m2\repository\org\jetbrains\annotations\13.0\annotations-13.0.jar;C:\Users\PPopov\.m2\repository\com\squareup\okhttp3\okhttp-urlconnection\4.2.2\okhttp-urlconnection-4.2.2.jar;C:\Users\PPopov\.m2\repository\com\fasterxml\jackson\dataformat\jackson-dataformat-yaml\2.8.6\jackson-dataformat-yaml-2.8.6.jar;C:\Users\PPopov\.m2\repository\com\fasterxml\jackson\core\jackson-core\2.8.6\jackson-core-2.8.6.jar;C:\Users\PPopov\.m2\repository\org\yaml\snakeyaml\1.17\snakeyaml-1.17.jar;C:\Users\PPopov\.m2\repository\commons-httpclient\commons-httpclient\3.1\commons-httpclient-3.1.jar;C:\Users\PPopov\.m2\repository\commons-logging\commons-logging\1.0.4\commons-logging-1.0.4.jar;C:\Users\PPopov\.m2\repository\commons-codec\commons-codec\1.2\commons-codec-1.2.jar;C:\Users\PPopov\.m2\repository\org\apache\felix\org.apache.felix.bundlerepository\1.6.6\org.apache.felix.bundlerepository-1.6.6.jar;C:\Users\PPopov\.m2\repository\org\osgi\org.osgi.core\4.1.0\org.osgi.core-4.1.0.jar;C:\Users\PPopov\.m2\repository\org\easymock\easymock\2.4\easymock-2.4.jar;C:\Users\PPopov\.m2\repository\com\thoughtworks\xstream\xstream\1.4.7\xstream-1.4.7.jar;C:\Users\PPopov\.m2\repository\xmlpull\xmlpull\1.1.3.1\xmlpull-1.1.3.1.jar;C:\Users\PPopov\.m2\repository\xpp3\xpp3_min\1.1.4c\xpp3_min-1.1.4c.jar;C:\Users\PPopov\.m2\repository\org\apache\logging\log4j\log4j-api\2.11.2\log4j-api-2.11.2.jar;C:\Users\PPopov\.m2\repository\com\github\javafaker\javafaker\0.12\javafaker-0.12.jar;C:\Users\PPopov\.m2\repository\org\apache\commons\commons-lang3\3.5\commons-lang3-3.5.jar;C:\Users\PPopov\.m2\repository\com\github\mifmif\generex\1.0.2\generex-1.0.2.jar;C:\Users\PPopov\.m2\repository\dk\brics\automaton\automaton\1.11-8\automaton-1.11-8.jar;C:\Users\PPopov\.m2\repository\com\cedarsoftware\json-io\4.10.1\json-io-4.10.1.jar;C:\Users\PPopov\.m2\repository\org\json\json\20140107\json-20140107.jar;C:\Users\PPopov\.m2\repository\com\googlecode\json-simple\json-simple\1.1\json-simple-1.1.jar;C:\Users\PPopov\.m2\repository\org\hamcrest\hamcrest-all\1.3\hamcrest-all-1.3.jar;C:\Users\PPopov\.m2\repository\org\hamcrest\hamcrest-junit\2.0.0.0\hamcrest-junit-2.0.0.0.jar;C:\Users\PPopov\.m2\repository\junit\junit\4.12\junit-4.12.jar;C:\Users\PPopov\.m2\repository\org\hamcrest\java-hamcrest\2.0.0.0\java-hamcrest-2.0.0.0.jar;C:\Users\PPopov\.m2\repository\com\jayway\restassured\rest-assured\2.8.0\rest-assured-2.8.0.jar;C:\Users\PPopov\.m2\repository\org\codehaus\groovy\groovy\2.4.4\groovy-2.4.4.jar;C:\Users\PPopov\.m2\repository\org\codehaus\groovy\groovy-xml\2.4.4\groovy-xml-2.4.4.jar;C:\Users\PPopov\.m2\repository\org\apache\httpcomponents\httpclient\4.5.1\httpclient-4.5.1.jar;C:\Users\PPopov\.m2\repository\org\apache\httpcomponents\httpcore\4.4.3\httpcore-4.4.3.jar;C:\Users\PPopov\.m2\repository\org\apache\httpcomponents\httpmime\4.5.1\httpmime-4.5.1.jar;C:\Users\PPopov\.m2\repository\org\hamcrest\hamcrest-core\1.3\hamcrest-core-1.3.jar;C:\Users\PPopov\.m2\repository\org\hamcrest\hamcrest-library\1.3\hamcrest-library-1.3.jar;C:\Users\PPopov\.m2\repository\org\ccil\cowan\tagsoup\tagsoup\1.2.1\tagsoup-1.2.1.jar;C:\Users\PPopov\.m2\repository\com\jayway\restassured\json-path\2.8.0\json-path-2.8.0.jar;C:\Users\PPopov\.m2\repository\org\codehaus\groovy\groovy-json\2.4.4\groovy-json-2.4.4.jar;C:\Users\PPopov\.m2\repository\com\jayway\restassured\rest-assured-common\2.8.0\rest-assured-common-2.8.0.jar;C:\Users\PPopov\.m2\repository\com\jayway\restassured\xml-path\2.8.0\xml-path-2.8.0.jar;C:\Users\PPopov\.m2\repository\org\seleniumhq\selenium\selenium-firefox-driver\3.141.59\selenium-firefox-driver-3.141.59.jar;C:\Users\PPopov\.m2\repository\org\seleniumhq\selenium\selenium-remote-driver\3.141.59\selenium-remote-driver-3.141.59.jar;C:\Users\PPopov\.m2\repository\net\bytebuddy\byte-buddy\1.8.15\byte-buddy-1.8.15.jar;C:\Users\PPopov\.m2\repository\org\apache\commons\commons-exec\1.3\commons-exec-1.3.jar;C:\Users\PPopov\.m2\repository\org\seleniumhq\selenium\selenium-safari-driver\3.141.59\selenium-safari-driver-3.141.59.jar;C:\Users\PPopov\.m2\repository\com\aventstack\extentreports\3.1.5\extentreports-3.1.5.jar;C:\Users\PPopov\.m2\repository\org\freemarker\freemarker\2.3.23\freemarker-2.3.23.jar;C:\Users\PPopov\.m2\repository\org\mongodb\mongodb-driver\3.3.0\mongodb-driver-3.3.0.jar;C:\Users\PPopov\.m2\repository\org\mongodb\bson\3.3.0\bson-3.3.0.jar;C:\Users\PPopov\.m2\repository\org\mongodb\mongodb-driver-core\3.3.0\mongodb-driver-core-3.3.0.jar;C:\Users\PPopov\.m2\repository\org\jsoup\jsoup\1.9.2\jsoup-1.9.2.jar;C:\Users\PPopov\.m2\repository\com\google\guava\guava\23.0\guava-23.0.jar;C:\Users\PPopov\.m2\repository\com\google\code\findbugs\jsr305\1.3.9\jsr305-1.3.9.jar;C:\Users\PPopov\.m2\repository\com\google\errorprone\error_prone_annotations\2.0.18\error_prone_annotations-2.0.18.jar;C:\Users\PPopov\.m2\repository\com\google\j2objc\j2objc-annotations\1.1\j2objc-annotations-1.1.jar;C:\Users\PPopov\.m2\repository\org\codehaus\mojo\animal-sniffer-annotations\1.14\animal-sniffer-annotations-1.14.jar;C:\Users\PPopov\.m2\repository\org\seleniumhq\selenium\selenium-api\3.141.59\selenium-api-3.141.59.jar;C:\Users\PPopov\.m2\repository\org\testng\testng\6.14.3\testng-6.14.3.jar;C:\Users\PPopov\.m2\repository\com\beust\jcommander\1.72\jcommander-1.72.jar;C:\Users\PPopov\.m2\repository\org\apache-extras\beanshell\bsh\2.0b6\bsh-2.0b6.jar;C:\Users\PPopov\.m2\repository\org\seleniumhq\selenium\selenium-chrome-driver\3.141.59\selenium-chrome-driver-3.141.59.jar;C:\Users\PPopov\.m2\repository\net\java\dev\jna\jna-platform\4.5.1\jna-platform-4.5.1.jar;C:\Users\PPopov\.m2\repository\net\java\dev\jna\jna\4.5.1\jna-4.5.1.jar;C:\Users\PPopov\.m2\repository\commons-io\commons-io\2.6\commons-io-2.6.jar;C:\Users\PPopov\.m2\repository\xalan\xalan\2.7.2\xalan-2.7.2.jar;C:\Users\PPopov\.m2\repository\xalan\serializer\2.7.2\serializer-2.7.2.jar;C:\Users\PPopov\.m2\repository\org\slf4j\slf4j-api\1.7.25\slf4j-api-1.7.25.jar;C:\Users\PPopov\.m2\repository\log4j\log4j\1.2.17\log4j-1.2.17.jar;C:\Users\PPopov\.m2\repository\org\apache\logging\log4j\log4j-core\2.11.2\log4j-core-2.11.2.jar;C:\Users\PPopov\.m2\repository\org\seleniumhq\selenium\selenium-support\3.141.59\selenium-support-3.141.59.jar;C:\Users\PPopov\.m2\repository\com\jayway\jsonpath\json-path\2.4.0\json-path-2.4.0.jar;C:\Users\PPopov\.m2\repository\net\minidev\json-smart\2.3\json-smart-2.3.jar;C:\Users\PPopov\.m2\repository\net\minidev\accessors-smart\1.2\accessors-smart-1.2.jar;C:\Users\PPopov\.m2\repository\org\ow2\asm\asm\5.0.4\asm-5.0.4.jar;C:\Users\PPopov\.m2\repository\xerces\xercesImpl\2.9.1\xercesImpl-2.9.1.jar;C:\Users\PPopov\.m2\repository\xml-apis\xml-apis\1.3.04\xml-apis-1.3.04.jar;C:\Users\PPopov\.m2\repository\javax\xml\bind\jaxb-api\2.2.12-b140109.1041\jaxb-api-2.2.12-b140109.1041.jar;C:\Users\PPopov\.m2\repository\com\sun\xml\ws\jaxws-tools\2.2.10\jaxws-tools-2.2.10.jar;C:\Users\PPopov\.m2\repository\com\sun\xml\ws\jaxws-rt\2.2.10\jaxws-rt-2.2.10.jar;C:\Users\PPopov\.m2\repository\javax\annotation\javax.annotation-api\1.2\javax.annotation-api-1.2.jar;C:\Users\PPopov\.m2\repository\com\sun\xml\bind\jaxb-core\2.2.10-b140802.1033\jaxb-core-2.2.10-b140802.1033.jar;C:\Users\PPopov\.m2\repository\com\sun\xml\bind\jaxb-impl\2.2.10-b140802.1033\jaxb-impl-2.2.10-b140802.1033.jar;C:\Users\PPopov\.m2\repository\com\sun\xml\ws\policy\2.4\policy-2.4.jar;C:\Users\PPopov\.m2\repository\org\glassfish\gmbal\gmbal-api-only\3.1.0-b001\gmbal-api-only-3.1.0-b001.jar;C:\Users\PPopov\.m2\repository\org\glassfish\external\management-api\3.0.0-b012\management-api-3.0.0-b012.jar;C:\Users\PPopov\.m2\repository\org\jvnet\staxex\stax-ex\1.7.7\stax-ex-1.7.7.jar;C:\Users\PPopov\.m2\repository\com\sun\xml\stream\buffer\streambuffer\1.5.3\streambuffer-1.5.3.jar;C:\Users\PPopov\.m2\repository\org\jvnet\mimepull\mimepull\1.9.4\mimepull-1.9.4.jar;C:\Users\PPopov\.m2\repository\com\sun\xml\fastinfoset\FastInfoset\1.2.13\FastInfoset-1.2.13.jar;C:\Users\PPopov\.m2\repository\org\glassfish\ha\ha-api\3.1.9\ha-api-3.1.9.jar;C:\Users\PPopov\.m2\repository\com\sun\xml\messaging\saaj\saaj-impl\1.3.25\saaj-impl-1.3.25.jar;C:\Users\PPopov\.m2\repository\org\codehaus\woodstox\woodstox-core-asl\4.2.0\woodstox-core-asl-4.2.0.jar;C:\Users\PPopov\.m2\repository\org\codehaus\woodstox\stax2-api\3.1.1\stax2-api-3.1.1.jar;C:\Users\PPopov\.m2\repository\com\sun\org\apache\xml\internal\resolver\20050927\resolver-20050927.jar;C:\Users\PPopov\.m2\repository\com\sun\xml\bind\jaxb-xjc\2.2.10-b140802.1033\jaxb-xjc-2.2.10-b140802.1033.jar;C:\Users\PPopov\.m2\repository\com\sun\xml\bind\jaxb-jxc\2.2.10-b140802.1033\jaxb-jxc-2.2.10-b140802.1033.jar;C:\Users\PPopov\.m2\repository\javax\xml\ws\jaxws-api\2.2.11\jaxws-api-2.2.11.jar;C:\Users\PPopov\.m2\repository\javax\xml\soap\javax.xml.soap-api\1.3.7\javax.xml.soap-api-1.3.7.jar;C:\Users\PPopov\.m2\repository\javax\jws\jsr181-api\1.0-MR1\jsr181-api-1.0-MR1.jar;C:\Users\PPopov\.m2\repository\com\google\code\gson\gson\2.8.4\gson-2.8.4.jar;C:\Users\PPopov\.m2\repository\ru\yandex\qatools\ashot\ashot\1.5.4\ashot-1.5.4.jar;C:\Users\PPopov\.m2\repository\org\uncommons\reportng\1.1.4\reportng-1.1.4.jar;C:\Users\PPopov\.m2\repository\velocity\velocity\1.4\velocity-1.4.jar;C:\Users\PPopov\.m2\repository\velocity\velocity-dep\1.4\velocity-dep-1.4.jar;C:\Users\PPopov\.m2\repository\com\google\inject\guice\4.2.0\guice-4.2.0.jar;C:\Users\PPopov\.m2\repository\javax\inject\javax.inject\1\javax.inject-1.jar;C:\Users\PPopov\.m2\repository\aopalliance\aopalliance\1.0\aopalliance-1.0.jar;C:\Users\PPopov\.m2\repository\com\github\stephenc\monte\monte-screen-recorder\0.7.7.0\monte-screen-recorder-0.7.7.0.jar;"/>
    <property name="java.vm.vendor" value="Oracle Corporation"/>
    <property name="sun.arch.data.model" value="64"/>
    <property name="user.variant" value=""/>
    <property name="java.vendor.url" value="http://java.oracle.com/"/>
    <property name="user.timezone" value="Europe/Helsinki"/>
    <property name="java.vm.specification.version" value="1.8"/>
    <property name="os.name" value="Windows 10"/>
    <property name="user.country" value="US"/>
    <property name="sun.java.launcher" value="SUN_STANDARD"/>
    <property name="sun.boot.library.path" value="C:\Program Files\Java\jdk1.8.0_191\jre\bin"/>
    <property name="sun.java.command" value="C:\Users\PPopov\AppData\Local\Temp\surefire2414463177310783516\surefirebooter4538764978368865112.jar C:\Users\PPopov\AppData\Local\Temp\surefire2414463177310783516 2020-03-20T22-50-33_252-jvmRun1 surefire5876403357784207236tmp surefire_07072164313316586800tmp"/>
    <property name="surefire.test.class.path" value="C:\Automation\AutomationTestLab\target\test-classes;C:\Automation\AutomationTestLab\target\classes;C:\Users\PPopov\.m2\repository\com\squareup\okhttp3\okhttp\4.2.1\okhttp-4.2.1.jar;C:\Users\PPopov\.m2\repository\com\squareup\okio\okio\2.2.2\okio-2.2.2.jar;C:\Users\PPopov\.m2\repository\org\jetbrains\kotlin\kotlin-stdlib\1.3.50\kotlin-stdlib-1.3.50.jar;C:\Users\PPopov\.m2\repository\org\jetbrains\kotlin\kotlin-stdlib-common\1.3.50\kotlin-stdlib-common-1.3.50.jar;C:\Users\PPopov\.m2\repository\org\jetbrains\annotations\13.0\annotations-13.0.jar;C:\Users\PPopov\.m2\repository\com\squareup\okhttp3\okhttp-urlconnection\4.2.2\okhttp-urlconnection-4.2.2.jar;C:\Users\PPopov\.m2\repository\com\fasterxml\jackson\dataformat\jackson-dataformat-yaml\2.8.6\jackson-dataformat-yaml-2.8.6.jar;C:\Users\PPopov\.m2\repository\com\fasterxml\jackson\core\jackson-core\2.8.6\jackson-core-2.8.6.jar;C:\Users\PPopov\.m2\repository\org\yaml\snakeyaml\1.17\snakeyaml-1.17.jar;C:\Users\PPopov\.m2\repository\commons-httpclient\commons-httpclient\3.1\commons-httpclient-3.1.jar;C:\Users\PPopov\.m2\repository\commons-logging\commons-logging\1.0.4\commons-logging-1.0.4.jar;C:\Users\PPopov\.m2\repository\commons-codec\commons-codec\1.2\commons-codec-1.2.jar;C:\Users\PPopov\.m2\repository\org\apache\felix\org.apache.felix.bundlerepository\1.6.6\org.apache.felix.bundlerepository-1.6.6.jar;C:\Users\PPopov\.m2\repository\org\osgi\org.osgi.core\4.1.0\org.osgi.core-4.1.0.jar;C:\Users\PPopov\.m2\repository\org\easymock\easymock\2.4\easymock-2.4.jar;C:\Users\PPopov\.m2\repository\com\thoughtworks\xstream\xstream\1.4.7\xstream-1.4.7.jar;C:\Users\PPopov\.m2\repository\xmlpull\xmlpull\1.1.3.1\xmlpull-1.1.3.1.jar;C:\Users\PPopov\.m2\repository\xpp3\xpp3_min\1.1.4c\xpp3_min-1.1.4c.jar;C:\Users\PPopov\.m2\repository\org\apache\logging\log4j\log4j-api\2.11.2\log4j-api-2.11.2.jar;C:\Users\PPopov\.m2\repository\com\github\javafaker\javafaker\0.12\javafaker-0.12.jar;C:\Users\PPopov\.m2\repository\org\apache\commons\commons-lang3\3.5\commons-lang3-3.5.jar;C:\Users\PPopov\.m2\repository\com\github\mifmif\generex\1.0.2\generex-1.0.2.jar;C:\Users\PPopov\.m2\repository\dk\brics\automaton\automaton\1.11-8\automaton-1.11-8.jar;C:\Users\PPopov\.m2\repository\com\cedarsoftware\json-io\4.10.1\json-io-4.10.1.jar;C:\Users\PPopov\.m2\repository\org\json\json\20140107\json-20140107.jar;C:\Users\PPopov\.m2\repository\com\googlecode\json-simple\json-simple\1.1\json-simple-1.1.jar;C:\Users\PPopov\.m2\repository\org\hamcrest\hamcrest-all\1.3\hamcrest-all-1.3.jar;C:\Users\PPopov\.m2\repository\org\hamcrest\hamcrest-junit\2.0.0.0\hamcrest-junit-2.0.0.0.jar;C:\Users\PPopov\.m2\repository\junit\junit\4.12\junit-4.12.jar;C:\Users\PPopov\.m2\repository\org\hamcrest\java-hamcrest\2.0.0.0\java-hamcrest-2.0.0.0.jar;C:\Users\PPopov\.m2\repository\com\jayway\restassured\rest-assured\2.8.0\rest-assured-2.8.0.jar;C:\Users\PPopov\.m2\repository\org\codehaus\groovy\groovy\2.4.4\groovy-2.4.4.jar;C:\Users\PPopov\.m2\repository\org\codehaus\groovy\groovy-xml\2.4.4\groovy-xml-2.4.4.jar;C:\Users\PPopov\.m2\repository\org\apache\httpcomponents\httpclient\4.5.1\httpclient-4.5.1.jar;C:\Users\PPopov\.m2\repository\org\apache\httpcomponents\httpcore\4.4.3\httpcore-4.4.3.jar;C:\Users\PPopov\.m2\repository\org\apache\httpcomponents\httpmime\4.5.1\httpmime-4.5.1.jar;C:\Users\PPopov\.m2\repository\org\hamcrest\hamcrest-core\1.3\hamcrest-core-1.3.jar;C:\Users\PPopov\.m2\repository\org\hamcrest\hamcrest-library\1.3\hamcrest-library-1.3.jar;C:\Users\PPopov\.m2\repository\org\ccil\cowan\tagsoup\tagsoup\1.2.1\tagsoup-1.2.1.jar;C:\Users\PPopov\.m2\repository\com\jayway\restassured\json-path\2.8.0\json-path-2.8.0.jar;C:\Users\PPopov\.m2\repository\org\codehaus\groovy\groovy-json\2.4.4\groovy-json-2.4.4.jar;C:\Users\PPopov\.m2\repository\com\jayway\restassured\rest-assured-common\2.8.0\rest-assured-common-2.8.0.jar;C:\Users\PPopov\.m2\repository\com\jayway\restassured\xml-path\2.8.0\xml-path-2.8.0.jar;C:\Users\PPopov\.m2\repository\org\seleniumhq\selenium\selenium-firefox-driver\3.141.59\selenium-firefox-driver-3.141.59.jar;C:\Users\PPopov\.m2\repository\org\seleniumhq\selenium\selenium-remote-driver\3.141.59\selenium-remote-driver-3.141.59.jar;C:\Users\PPopov\.m2\repository\net\bytebuddy\byte-buddy\1.8.15\byte-buddy-1.8.15.jar;C:\Users\PPopov\.m2\repository\org\apache\commons\commons-exec\1.3\commons-exec-1.3.jar;C:\Users\PPopov\.m2\repository\org\seleniumhq\selenium\selenium-safari-driver\3.141.59\selenium-safari-driver-3.141.59.jar;C:\Users\PPopov\.m2\repository\com\aventstack\extentreports\3.1.5\extentreports-3.1.5.jar;C:\Users\PPopov\.m2\repository\org\freemarker\freemarker\2.3.23\freemarker-2.3.23.jar;C:\Users\PPopov\.m2\repository\org\mongodb\mongodb-driver\3.3.0\mongodb-driver-3.3.0.jar;C:\Users\PPopov\.m2\repository\org\mongodb\bson\3.3.0\bson-3.3.0.jar;C:\Users\PPopov\.m2\repository\org\mongodb\mongodb-driver-core\3.3.0\mongodb-driver-core-3.3.0.jar;C:\Users\PPopov\.m2\repository\org\jsoup\jsoup\1.9.2\jsoup-1.9.2.jar;C:\Users\PPopov\.m2\repository\com\google\guava\guava\23.0\guava-23.0.jar;C:\Users\PPopov\.m2\repository\com\google\code\findbugs\jsr305\1.3.9\jsr305-1.3.9.jar;C:\Users\PPopov\.m2\repository\com\google\errorprone\error_prone_annotations\2.0.18\error_prone_annotations-2.0.18.jar;C:\Users\PPopov\.m2\repository\com\google\j2objc\j2objc-annotations\1.1\j2objc-annotations-1.1.jar;C:\Users\PPopov\.m2\repository\org\codehaus\mojo\animal-sniffer-annotations\1.14\animal-sniffer-annotations-1.14.jar;C:\Users\PPopov\.m2\repository\org\seleniumhq\selenium\selenium-api\3.141.59\selenium-api-3.141.59.jar;C:\Users\PPopov\.m2\repository\org\testng\testng\6.14.3\testng-6.14.3.jar;C:\Users\PPopov\.m2\repository\com\beust\jcommander\1.72\jcommander-1.72.jar;C:\Users\PPopov\.m2\repository\org\apache-extras\beanshell\bsh\2.0b6\bsh-2.0b6.jar;C:\Users\PPopov\.m2\repository\org\seleniumhq\selenium\selenium-chrome-driver\3.141.59\selenium-chrome-driver-3.141.59.jar;C:\Users\PPopov\.m2\repository\net\java\dev\jna\jna-platform\4.5.1\jna-platform-4.5.1.jar;C:\Users\PPopov\.m2\repository\net\java\dev\jna\jna\4.5.1\jna-4.5.1.jar;C:\Users\PPopov\.m2\repository\commons-io\commons-io\2.6\commons-io-2.6.jar;C:\Users\PPopov\.m2\repository\xalan\xalan\2.7.2\xalan-2.7.2.jar;C:\Users\PPopov\.m2\repository\xalan\serializer\2.7.2\serializer-2.7.2.jar;C:\Users\PPopov\.m2\repository\org\slf4j\slf4j-api\1.7.25\slf4j-api-1.7.25.jar;C:\Users\PPopov\.m2\repository\log4j\log4j\1.2.17\log4j-1.2.17.jar;C:\Users\PPopov\.m2\repository\org\apache\logging\log4j\log4j-core\2.11.2\log4j-core-2.11.2.jar;C:\Users\PPopov\.m2\repository\org\seleniumhq\selenium\selenium-support\3.141.59\selenium-support-3.141.59.jar;C:\Users\PPopov\.m2\repository\com\jayway\jsonpath\json-path\2.4.0\json-path-2.4.0.jar;C:\Users\PPopov\.m2\repository\net\minidev\json-smart\2.3\json-smart-2.3.jar;C:\Users\PPopov\.m2\repository\net\minidev\accessors-smart\1.2\accessors-smart-1.2.jar;C:\Users\PPopov\.m2\repository\org\ow2\asm\asm\5.0.4\asm-5.0.4.jar;C:\Users\PPopov\.m2\repository\xerces\xercesImpl\2.9.1\xercesImpl-2.9.1.jar;C:\Users\PPopov\.m2\repository\xml-apis\xml-apis\1.3.04\xml-apis-1.3.04.jar;C:\Users\PPopov\.m2\repository\javax\xml\bind\jaxb-api\2.2.12-b140109.1041\jaxb-api-2.2.12-b140109.1041.jar;C:\Users\PPopov\.m2\repository\com\sun\xml\ws\jaxws-tools\2.2.10\jaxws-tools-2.2.10.jar;C:\Users\PPopov\.m2\repository\com\sun\xml\ws\jaxws-rt\2.2.10\jaxws-rt-2.2.10.jar;C:\Users\PPopov\.m2\repository\javax\annotation\javax.annotation-api\1.2\javax.annotation-api-1.2.jar;C:\Users\PPopov\.m2\repository\com\sun\xml\bind\jaxb-core\2.2.10-b140802.1033\jaxb-core-2.2.10-b140802.1033.jar;C:\Users\PPopov\.m2\repository\com\sun\xml\bind\jaxb-impl\2.2.10-b140802.1033\jaxb-impl-2.2.10-b140802.1033.jar;C:\Users\PPopov\.m2\repository\com\sun\xml\ws\policy\2.4\policy-2.4.jar;C:\Users\PPopov\.m2\repository\org\glassfish\gmbal\gmbal-api-only\3.1.0-b001\gmbal-api-only-3.1.0-b001.jar;C:\Users\PPopov\.m2\repository\org\glassfish\external\management-api\3.0.0-b012\management-api-3.0.0-b012.jar;C:\Users\PPopov\.m2\repository\org\jvnet\staxex\stax-ex\1.7.7\stax-ex-1.7.7.jar;C:\Users\PPopov\.m2\repository\com\sun\xml\stream\buffer\streambuffer\1.5.3\streambuffer-1.5.3.jar;C:\Users\PPopov\.m2\repository\org\jvnet\mimepull\mimepull\1.9.4\mimepull-1.9.4.jar;C:\Users\PPopov\.m2\repository\com\sun\xml\fastinfoset\FastInfoset\1.2.13\FastInfoset-1.2.13.jar;C:\Users\PPopov\.m2\repository\org\glassfish\ha\ha-api\3.1.9\ha-api-3.1.9.jar;C:\Users\PPopov\.m2\repository\com\sun\xml\messaging\saaj\saaj-impl\1.3.25\saaj-impl-1.3.25.jar;C:\Users\PPopov\.m2\repository\org\codehaus\woodstox\woodstox-core-asl\4.2.0\woodstox-core-asl-4.2.0.jar;C:\Users\PPopov\.m2\repository\org\codehaus\woodstox\stax2-api\3.1.1\stax2-api-3.1.1.jar;C:\Users\PPopov\.m2\repository\com\sun\org\apache\xml\internal\resolver\20050927\resolver-20050927.jar;C:\Users\PPopov\.m2\repository\com\sun\xml\bind\jaxb-xjc\2.2.10-b140802.1033\jaxb-xjc-2.2.10-b140802.1033.jar;C:\Users\PPopov\.m2\repository\com\sun\xml\bind\jaxb-jxc\2.2.10-b140802.1033\jaxb-jxc-2.2.10-b140802.1033.jar;C:\Users\PPopov\.m2\repository\javax\xml\ws\jaxws-api\2.2.11\jaxws-api-2.2.11.jar;C:\Users\PPopov\.m2\repository\javax\xml\soap\javax.xml.soap-api\1.3.7\javax.xml.soap-api-1.3.7.jar;C:\Users\PPopov\.m2\repository\javax\jws\jsr181-api\1.0-MR1\jsr181-api-1.0-MR1.jar;C:\Users\PPopov\.m2\repository\com\google\code\gson\gson\2.8.4\gson-2.8.4.jar;C:\Users\PPopov\.m2\repository\ru\yandex\qatools\ashot\ashot\1.5.4\ashot-1.5.4.jar;C:\Users\PPopov\.m2\repository\org\uncommons\reportng\1.1.4\reportng-1.1.4.jar;C:\Users\PPopov\.m2\repository\velocity\velocity\1.4\velocity-1.4.jar;C:\Users\PPopov\.m2\repository\velocity\velocity-dep\1.4\velocity-dep-1.4.jar;C:\Users\PPopov\.m2\repository\com\google\inject\guice\4.2.0\guice-4.2.0.jar;C:\Users\PPopov\.m2\repository\javax\inject\javax.inject\1\javax.inject-1.jar;C:\Users\PPopov\.m2\repository\aopalliance\aopalliance\1.0\aopalliance-1.0.jar;C:\Users\PPopov\.m2\repository\com\github\stephenc\monte\monte-screen-recorder\0.7.7.0\monte-screen-recorder-0.7.7.0.jar;"/>
    <property name="sun.cpu.endian" value="little"/>
    <property name="user.home" value="C:\Users\PPopov"/>
    <property name="user.language" value="en"/>
    <property name="java.specification.vendor" value="Oracle Corporation"/>
    <property name="java.home" value="C:\Program Files\Java\jdk1.8.0_191\jre"/>
    <property name="basedir" value="C:\Automation\AutomationTestLab"/>
    <property name="file.separator" value="\"/>
    <property name="line.separator" value="&#10;"/>
    <property name="java.vm.specification.vendor" value="Oracle Corporation"/>
    <property name="java.specification.name" value="Java Platform API Specification"/>
    <property name="java.awt.graphicsenv" value="sun.awt.Win32GraphicsEnvironment"/>
    <property name="surefire.real.class.path" value="C:\Users\PPopov\AppData\Local\Temp\surefire2414463177310783516\surefirebooter4538764978368865112.jar"/>
    <property name="sun.boot.class.path" value="C:\Program Files\Java\jdk1.8.0_191\jre\lib\resources.jar;C:\Program Files\Java\jdk1.8.0_191\jre\lib\rt.jar;C:\Program Files\Java\jdk1.8.0_191\jre\lib\sunrsasign.jar;C:\Program Files\Java\jdk1.8.0_191\jre\lib\jsse.jar;C:\Program Files\Java\jdk1.8.0_191\jre\lib\jce.jar;C:\Program Files\Java\jdk1.8.0_191\jre\lib\charsets.jar;C:\Program Files\Java\jdk1.8.0_191\jre\lib\jfr.jar;C:\Program Files\Java\jdk1.8.0_191\jre\classes"/>
    <property name="user.script" value=""/>
    <property name="sun.management.compiler" value="HotSpot 64-Bit Tiered Compilers"/>
    <property name="java.runtime.version" value="1.8.0_191-b12"/>
    <property name="user.name" value="ppopov"/>
    <property name="path.separator" value=";"/>
    <property name="os.version" value="10.0"/>
    <property name="java.endorsed.dirs" value="C:\Program Files\Java\jdk1.8.0_191\jre\lib\endorsed"/>
    <property name="java.runtime.name" value="Java(TM) SE Runtime Environment"/>
    <property name="file.encoding" value="Cp1252"/>
    <property name="java.vm.name" value="Java HotSpot(TM) 64-Bit Server VM"/>
    <property name="localRepository" value="C:\Users\PPopov\.m2\repository"/>
    <property name="java.vendor.url.bug" value="http://bugreport.sun.com/bugreport/"/>
    <property name="java.io.tmpdir" value="C:\Users\PPopov\AppData\Local\Temp\"/>
    <property name="java.version" value="1.8.0_191"/>
    <property name="user.dir" value="C:\Automation\AutomationTestLab"/>
    <property name="os.arch" value="amd64"/>
    <property name="java.vm.specification.name" value="Java Virtual Machine Specification"/>
    <property name="java.awt.printerjob" value="sun.awt.windows.WPrinterJob"/>
    <property name="sun.os.patch.level" value=""/>
    <property name="java.library.path" value="C:\Program Files\Java\jdk1.8.0_191\jre\bin;C:\WINDOWS\Sun\Java\bin;C:\WINDOWS\system32;C:\WINDOWS;C:\Program Files (x86)\Common Files\Oracle\Java\javapath;C:\Program Files (x86)\Intel\Intel(R) Management Engine Components\iCLS\;C:\Program Files\Intel\Intel(R) Management Engine Components\iCLS\;C:\WINDOWS\system32;C:\WINDOWS;C:\WINDOWS\System32\Wbem;C:\WINDOWS\System32\WindowsPowerShell\v1.0\;C:\Program Files (x86)\Intel\Intel(R) Management Engine Components\DAL;C:\Program Files\Intel\Intel(R) Management Engine Components\DAL;C:\Program Files (x86)\Intel\Intel(R) Management Engine Components\IPT;C:\Program Files\Intel\Intel(R) Management Engine Components\IPT;C:\Program Files\TortoiseGit\bin;C:\windows\SysWow64;C:\WINDOWS\System32\OpenSSH\;C:\Programs\Apache_Maven\bin;C:\Program Files\Java\jdk1.8.0_191\bin;C:\Users\PPopov\AppData\Local\Microsoft\WindowsApps;C:\Users\PPopov\AppData\Local\GitHubDesktop\bin;C:\Users\PPopov\AppData\Local\Programs\Fiddler;C:\Users\PPopov\AppData\Local\Programs\Git\cmd;."/>
    <property name="java.vm.info" value="mixed mode"/>
    <property name="java.vendor" value="Oracle Corporation"/>
    <property name="java.vm.version" value="25.191-b12"/>
    <property name="java.ext.dirs" value="C:\Program Files\Java\jdk1.8.0_191\jre\lib\ext;C:\WINDOWS\Sun\Java\lib\ext"/>
    <property name="sun.io.unicode.encoding" value="UnicodeLittle"/>
    <property name="java.class.version" value="52.0"/>
  </properties>
  <testcase name="browserConfig" classname="com.demo.tests.TestCase_01" time="0.613">
    <failure message="The driver executable does not exist: C:\Automation\src\main\resources\drivers\chromedriver.exe" type="java.lang.IllegalStateException">java.lang.IllegalStateException: The driver executable does not exist: C:\Automation\src\main\resources\drivers\chromedriver.exe
</failure>
    <system-out><![CDATA[...
... TestNG 6.14.3 by CÃ©dric Beust (cedric@beust.com)
...


 SUITE STARTED: [ TC_01_CHROME ]
]]></system-out>
    <system-err><![CDATA[ERROR StatusLogger No Log4j 2 configuration file found. Using default configuration (logging only errors to the console), or user programmatically provided configurations. Set system property 'log4j2.debug' to show Log4j 2 internal initialization logging. See https://logging.apache.org/log4j/2.x/manual/configuration.html for instructions on how to configure Log4j 2
java.lang.IllegalArgumentException: C:\Automation\report\JSON does not exist
	at org.apache.commons.io.FileUtils.verifiedListFiles(FileUtils.java:1741)
	at org.apache.commons.io.FileUtils.cleanDirectory(FileUtils.java:1716)
	at com.demo.config.BasicTestConfig.cleanReportData(BasicTestConfig.java:96)
	at sun.reflect.NativeMethodAccessorImpl.invoke0(Native Method)
	at sun.reflect.NativeMethodAccessorImpl.invoke(NativeMethodAccessorImpl.java:62)
	at sun.reflect.DelegatingMethodAccessorImpl.invoke(DelegatingMethodAccessorImpl.java:43)
	at java.lang.reflect.Method.invoke(Method.java:498)
	at org.testng.internal.MethodInvocationHelper.invokeMethod(MethodInvocationHelper.java:124)
	at org.testng.internal.MethodInvocationHelper.invokeMethodConsideringTimeout(MethodInvocationHelper.java:59)
	at org.testng.internal.Invoker.invokeConfigurationMethod(Invoker.java:458)
	at org.testng.internal.Invoker.invokeConfigurations(Invoker.java:222)
	at org.testng.internal.Invoker.invokeConfigurations(Invoker.java:142)
	at org.testng.SuiteRunner.privateRun(SuiteRunner.java:401)
	at org.testng.SuiteRunner.run(SuiteRunner.java:364)
	at org.testng.SuiteRunnerWorker.runSuite(SuiteRunnerWorker.java:52)
	at org.testng.SuiteRunnerWorker.run(SuiteRunnerWorker.java:84)
	at org.testng.TestNG.runSuitesSequentially(TestNG.java:1208)
	at org.testng.TestNG.runSuitesLocally(TestNG.java:1137)
	at org.testng.TestNG.runSuites(TestNG.java:1049)
	at org.testng.TestNG.run(TestNG.java:1017)
	at org.apache.maven.surefire.testng.TestNGExecutor.run(TestNGExecutor.java:283)
	at org.apache.maven.surefire.testng.TestNGXmlTestSuite.execute(TestNGXmlTestSuite.java:75)
	at org.apache.maven.surefire.testng.TestNGProvider.invoke(TestNGProvider.java:120)
	at org.apache.maven.surefire.booter.ForkedBooter.invokeProviderInSameClassLoader(ForkedBooter.java:384)
	at org.apache.maven.surefire.booter.ForkedBooter.runSuitesInProcess(ForkedBooter.java:345)
	at org.apache.maven.surefire.booter.ForkedBooter.execute(ForkedBooter.java:126)
	at org.apache.maven.surefire.booter.ForkedBooter.main(ForkedBooter.java:418)
]]></system-err>
  </testcase>
  <testcase name="setEnvironment" classname="com.demo.tests.TestCase_01" time="0">
    <skipped/>
  </testcase>
  <testcase name="post_login" classname="com.demo.tests.TestCase_01" time="0.128">
    <failure message="InputStream cannot be null" type="java.lang.IllegalArgumentException">java.lang.IllegalArgumentException: InputStream cannot be null
	at com.demo.tests.TestCase_01.post_login(TestCase_01.java:55)
</failure>
    <system-out><![CDATA[
 TEST STARTED: [ POST_LOGIN ]
]]></system-out>
    <system-err><![CDATA[Mar 20, 2020 10:50:34 PM com.aventstack.extentreports.configuration.ConfigLoader <init>
SEVERE: C:\Automation\src\main\resources\extent-config.xml
java.io.FileNotFoundException: C:\Automation\src\main\resources\extent-config.xml (The system cannot find the path specified)
	at java.io.FileInputStream.open0(Native Method)
	at java.io.FileInputStream.open(FileInputStream.java:195)
	at java.io.FileInputStream.<init>(FileInputStream.java:138)
	at com.aventstack.extentreports.configuration.ConfigLoader.<init>(ConfigLoader.java:49)
	at com.aventstack.extentreports.reporter.AbstractReporter.loadXMLConfig(AbstractReporter.java:64)
	at com.aventstack.extentreports.reporter.AbstractReporter.loadXMLConfig(AbstractReporter.java:60)
	at com.demo.config.ReporterConfig.getHtmlReporter(ReporterConfig.java:63)
	at com.demo.config.ReporterConfig.GetExtent(ReporterConfig.java:39)
	at com.demo.config.ReporterConfig.startTestReport(ReporterConfig.java:71)
	at com.demo.scripts.api.account.Login.report(Login.java:41)
	at com.demo.scripts.api.account.Login.secureLogin(Login.java:48)
	at com.demo.tests.TestCase_01.post_login(TestCase_01.java:55)
	at sun.reflect.NativeMethodAccessorImpl.invoke0(Native Method)
	at sun.reflect.NativeMethodAccessorImpl.invoke(NativeMethodAccessorImpl.java:62)
	at sun.reflect.DelegatingMethodAccessorImpl.invoke(DelegatingMethodAccessorImpl.java:43)
	at java.lang.reflect.Method.invoke(Method.java:498)
	at org.testng.internal.MethodInvocationHelper.invokeMethod(MethodInvocationHelper.java:124)
	at org.testng.internal.Invoker.invokeMethod(Invoker.java:583)
	at org.testng.internal.Invoker.invokeTestMethod(Invoker.java:719)
	at org.testng.internal.Invoker.invokeTestMethods(Invoker.java:989)
	at org.testng.internal.TestMethodWorker.invokeTestMethods(TestMethodWorker.java:125)
	at org.testng.internal.TestMethodWorker.run(TestMethodWorker.java:109)
	at org.testng.TestRunner.privateRun(TestRunner.java:648)
	at org.testng.TestRunner.run(TestRunner.java:505)
	at org.testng.SuiteRunner.runTest(SuiteRunner.java:455)
	at org.testng.SuiteRunner.runSequentially(SuiteRunner.java:450)
	at org.testng.SuiteRunner.privateRun(SuiteRunner.java:415)
	at org.testng.SuiteRunner.run(SuiteRunner.java:364)
	at org.testng.SuiteRunnerWorker.runSuite(SuiteRunnerWorker.java:52)
	at org.testng.SuiteRunnerWorker.run(SuiteRunnerWorker.java:84)
	at org.testng.TestNG.runSuitesSequentially(TestNG.java:1208)
	at org.testng.TestNG.runSuitesLocally(TestNG.java:1137)
	at org.testng.TestNG.runSuites(TestNG.java:1049)
	at org.testng.TestNG.run(TestNG.java:1017)
	at org.apache.maven.surefire.testng.TestNGExecutor.run(TestNGExecutor.java:283)
	at org.apache.maven.surefire.testng.TestNGXmlTestSuite.execute(TestNGXmlTestSuite.java:75)
	at org.apache.maven.surefire.testng.TestNGProvider.invoke(TestNGProvider.java:120)
	at org.apache.maven.surefire.booter.ForkedBooter.invokeProviderInSameClassLoader(ForkedBooter.java:384)
	at org.apache.maven.surefire.booter.ForkedBooter.runSuitesInProcess(ForkedBooter.java:345)
	at org.apache.maven.surefire.booter.ForkedBooter.execute(ForkedBooter.java:126)
	at org.apache.maven.surefire.booter.ForkedBooter.main(ForkedBooter.java:418)

]]></system-err>
  </testcase>
  <testcase name="generateReport" classname="com.demo.tests.TestCase_01" time="0.13">
    <failure type="java.lang.NullPointerException">java.lang.NullPointerException
</failure>
    <system-out><![CDATA[22:50:34.476 [main] ERROR com.demo.config.BasicTestConfig - | FAILED | TestCase_01
]]></system-out>
  </testcase>
  <testcase name="generateReport" classname="com.demo.tests.TestCase_01" time="0.004">
    <failure type="java.lang.NullPointerException">java.lang.NullPointerException
</failure>
    <system-out><![CDATA[22:50:34.484 [main] ERROR com.demo.config.BasicTestConfig - | FAILED | TestCase_01
]]></system-out>
  </testcase>
  <testcase name="generateReport" classname="com.demo.tests.TestCase_01" time="0.004">
    <failure type="java.lang.NullPointerException">java.lang.NullPointerException
</failure>
    <system-out><![CDATA[22:50:34.486 [main] ERROR com.demo.config.BasicTestConfig - | FAILED | TestCase_01
]]></system-out>
  </testcase>
  <testcase name="generateReport" classname="com.demo.tests.TestCase_01" time="0.005">
    <failure type="java.lang.NullPointerException">java.lang.NullPointerException
</failure>
    <system-out><![CDATA[22:50:34.488 [main] ERROR com.demo.config.BasicTestConfig - | FAILED | TestCase_01
]]></system-out>
  </testcase>
  <testcase name="generateReport" classname="com.demo.tests.TestCase_01" time="0.004">
    <failure type="java.lang.NullPointerException">java.lang.NullPointerException
</failure>
    <system-out><![CDATA[22:50:34.490 [main] ERROR com.demo.config.BasicTestConfig - | FAILED | TestCase_01
]]></system-out>
  </testcase>
  <testcase name="generateReport" classname="com.demo.tests.TestCase_01" time="0.004">
    <failure type="java.lang.NullPointerException">java.lang.NullPointerException
</failure>
    <system-out><![CDATA[22:50:34.492 [main] ERROR com.demo.config.BasicTestConfig - | FAILED | TestCase_01
]]></system-out>
  </testcase>
  <testcase name="generateReport" classname="com.demo.tests.TestCase_01" time="0.02">
    <failure type="java.lang.NullPointerException">java.lang.NullPointerException
</failure>
    <system-out><![CDATA[22:50:34.611 [main] ERROR com.demo.config.BasicTestConfig - | FAILED | TestCase_01
]]></system-out>
  </testcase>
  <testcase name="generateReport" classname="com.demo.tests.TestCase_01" time="0.009">
    <failure type="java.lang.NullPointerException">java.lang.NullPointerException
</failure>
    <system-out><![CDATA[22:50:34.620 [main] ERROR com.demo.config.BasicTestConfig - | FAILED | TestCase_01
]]></system-out>
  </testcase>
  <testcase name="generateReport" classname="com.demo.tests.TestCase_01" time="0.004">
    <failure type="java.lang.NullPointerException">java.lang.NullPointerException
</failure>
    <system-out><![CDATA[22:50:34.624 [main] ERROR com.demo.config.BasicTestConfig - | FAILED | TestCase_01
]]></system-out>
  </testcase>
  <testcase name="generateReport" classname="com.demo.tests.TestCase_01" time="0.006">
    <failure type="java.lang.NullPointerException">java.lang.NullPointerException
</failure>
    <system-out><![CDATA[22:50:34.626 [main] ERROR com.demo.config.BasicTestConfig - | FAILED | TestCase_01
]]></system-out>
  </testcase>
  <testcase name="get_user_info" classname="com.demo.tests.TestCase_01" time="0.001">
    <failure message="No reporters were started. Atleast 1 reporter must be started to create tests." type="java.lang.IllegalStateException">java.lang.IllegalStateException: No reporters were started. Atleast 1 reporter must be started to create tests.
	at com.demo.tests.TestCase_01.get_user_info(TestCase_01.java:63)
</failure>
    <system-out><![CDATA[
 TEST STARTED: [ GET_USER_INFO ]
]]></system-out>
  </testcase>
  <testcase name="get_product_list" classname="com.demo.tests.TestCase_01" time="0.002">
    <failure message="No reporters were started. Atleast 1 reporter must be started to create tests." type="java.lang.IllegalStateException">java.lang.IllegalStateException: No reporters were started. Atleast 1 reporter must be started to create tests.
	at com.demo.tests.TestCase_01.get_product_list(TestCase_01.java:70)
</failure>
    <system-out><![CDATA[
 TEST STARTED: [ GET_PRODUCT_LIST ]
]]></system-out>
  </testcase>
  <testcase name="post_place_order" classname="com.demo.tests.TestCase_01" time="0.002">
    <failure message="No reporters were started. Atleast 1 reporter must be started to create tests." type="java.lang.IllegalStateException">java.lang.IllegalStateException: No reporters were started. Atleast 1 reporter must be started to create tests.
	at com.demo.tests.TestCase_01.post_place_order(TestCase_01.java:78)
</failure>
    <system-out><![CDATA[
 TEST STARTED: [ POST_PLACE_ORDER ]
]]></system-out>
  </testcase>
  <testcase name="post_confirm_order" classname="com.demo.tests.TestCase_01" time="0.001">
    <failure message="No reporters were started. Atleast 1 reporter must be started to create tests." type="java.lang.IllegalStateException">java.lang.IllegalStateException: No reporters were started. Atleast 1 reporter must be started to create tests.
	at com.demo.tests.TestCase_01.post_confirm_order(TestCase_01.java:85)
</failure>
    <system-out><![CDATA[
 TEST STARTED: [ POST_CONFIRM_ORDER ]
]]></system-out>
  </testcase>
  <testcase name="get_transaction_history" classname="com.demo.tests.TestCase_01" time="0.001">
    <failure message="No reporters were started. Atleast 1 reporter must be started to create tests." type="java.lang.IllegalStateException">java.lang.IllegalStateException: No reporters were started. Atleast 1 reporter must be started to create tests.
	at com.demo.tests.TestCase_01.get_transaction_history(TestCase_01.java:92)
</failure>
    <system-out><![CDATA[
 TEST STARTED: [ GET_TRANSACTION_HISTORY ]
]]></system-out>
  </testcase>
  <testcase name="web_login" classname="com.demo.tests.TestCase_01" time="0.017">
    <failure message="No reporters were started. Atleast 1 reporter must be started to create tests." type="java.lang.IllegalStateException">java.lang.IllegalStateException: No reporters were started. Atleast 1 reporter must be started to create tests.
	at com.demo.tests.TestCase_01.web_login(TestCase_01.java:27)
</failure>
    <system-out><![CDATA[
 TEST STARTED: [ WEB_LOGIN ]
]]></system-out>
  </testcase>
  <testcase name="web_user_amount" classname="com.demo.tests.TestCase_01" time="0.005">
    <failure message="No reporters were started. Atleast 1 reporter must be started to create tests." type="java.lang.IllegalStateException">java.lang.IllegalStateException: No reporters were started. Atleast 1 reporter must be started to create tests.
	at com.demo.tests.TestCase_01.web_user_amount(TestCase_01.java:35)
</failure>
    <system-out><![CDATA[
 TEST STARTED: [ WEB_USER_AMOUNT ]
]]></system-out>
  </testcase>
  <testcase name="web_user_transactions" classname="com.demo.tests.TestCase_01" time="0.001">
    <failure message="No reporters were started. Atleast 1 reporter must be started to create tests." type="java.lang.IllegalStateException">java.lang.IllegalStateException: No reporters were started. Atleast 1 reporter must be started to create tests.
	at com.demo.tests.TestCase_01.web_user_transactions(TestCase_01.java:42)
</failure>
    <system-out><![CDATA[
 TEST STARTED: [ WEB_USER_TRANSACTIONS ]
]]></system-out>
  </testcase>
  <testcase name="web_search_product" classname="com.demo.tests.TestCase_01" time="0.003">
    <failure message="No reporters were started. Atleast 1 reporter must be started to create tests." type="java.lang.IllegalStateException">java.lang.IllegalStateException: No reporters were started. Atleast 1 reporter must be started to create tests.
	at com.demo.tests.TestCase_01.web_search_product(TestCase_01.java:48)
</failure>
    <system-out><![CDATA[
 TEST STARTED: [ WEB_SEARCH_PRODUCT ]
]]></system-out>
  </testcase>
  <testcase name="clearXmlFiles" classname="com.demo.tests.TestCase_01" time="0">
    <skipped/>
    <system-out><![CDATA[
 TEST FINISH: [ TC_01_CHROME ]
]]></system-out>
  </testcase>
  <testcase name="flushReportData" classname="com.demo.tests.TestCase_01" time="0.008">
    <failure message="No reporters were started. Atleast 1 reporter must be started to flush results." type="java.lang.IllegalStateException">java.lang.IllegalStateException: No reporters were started. Atleast 1 reporter must be started to flush results.
</failure>
  </testcase>
</testsuite>