<?xml version="1.0" encoding="UTF-8"?>
<!-- Generated by org.testng.reporters.JUnitXMLReporter -->
<testsuite hostname="QAIT006" ignored="0" name="TC_01_Chrome" tests="7" failures="0" timestamp="14 Apr 2020 19:22:41 GMT" time="22.025" errors="0">
  <testcase name="post_login" time="0.545" classname="com.demo.tests.TestCase_03_Leveraged"/>
  <testcase name="get_user_info" time="0.247" classname="com.demo.tests.TestCase_03_Leveraged"/>
  <testcase name="get_product_list" time="0.756" classname="com.demo.tests.TestCase_03_Leveraged"/>
  <testcase name="web_login" time="1.545" classname="com.demo.tests.TestCase_03_Leveraged"/>
  <testcase name="web_leveraged_filters" time="3.912" classname="com.demo.tests.TestCase_03_Leveraged"/>
  <testcase name="web_search_for_product" time="13.956" classname="com.demo.tests.TestCase_03_Leveraged"/>
  <testcase name="web_open_leveraged_product" time="1.011" classname="com.demo.tests.TestCase_03_Leveraged"/>
</testsuite> <!-- TC_01_Chrome -->
