<?xml version="1.0" encoding="UTF-8"?>
<!-- Generated by org.testng.reporters.JUnitXMLReporter -->
<testsuite hostname="QAIT006" ignored="0" name="TC_01_Chrome" tests="10" failures="0" timestamp="19 Mar 2020 21:08:00 GMT" time="17.755" errors="0">
  <testcase name="web_login" time="1.757" classname="com.demo.tests.TestCase_01"/>
  <testcase name="web_user_amount" time="1.715" classname="com.demo.tests.TestCase_01"/>
  <testcase name="web_user_transactions" time="2.335" classname="com.demo.tests.TestCase_01"/>
  <testcase name="web_search_product" time="1.921" classname="com.demo.tests.TestCase_01"/>
  <testcase name="post_login" time="0.384" classname="com.demo.tests.TestCase_01"/>
  <testcase name="get_user_info" time="0.215" classname="com.demo.tests.TestCase_01"/>
  <testcase name="get_product_list" time="0.254" classname="com.demo.tests.TestCase_01"/>
  <testcase name="post_place_order" time="1.322" classname="com.demo.tests.TestCase_01"/>
  <testcase name="post_confirm_order" time="1.254" classname="com.demo.tests.TestCase_01"/>
  <testcase name="get_transaction_history" time="0.286" classname="com.demo.tests.TestCase_01"/>
</testsuite> <!-- TC_01_Chrome -->
